-------------------------------------------------------------------------------
Switching pairs of inputs from STEREO to MONO

Software configuration space checksum changes are not listed in log

Scenario:
0. All outputs are in STEREO mode.
1. For all inputs in Focusrite Mix Control change mode from STEREO to MONO
2. For all inputs in Focusrite Mix Control change mode from MONO to STEREO

-------------------------------------------------------------------------------
Step 1
-------------------------------------------------------------------------------

Outputs 1-2:
SET_DATA[offset=0x34 bytes=2 changes={}] 81 ff ".."
SET_DATA[offset=0x36 bytes=2 changes={}] 81 ff ".."
SET_DATA[offset=0xec bytes=1016 changes={0x01b4:[ff]->[fc], 0x01be:[53 47]->[fd 46], 0x01c2:[53 47]->[fd 46]}]

Outputs 3-4:
SET_DATA[offset=0x38 bytes=2 changes={}] 00 00 ".."
SET_DATA[offset=0x3a bytes=2 changes={}] 00 00 ".."
SET_DATA[offset=0xec bytes=1016 changes={0x01b4:[fc]->[f0], 0x01c6:[53 47]->[fd 46], 0x01ca:[53 47]->[fd 46]}]

Outputs 5-6:
SET_DATA[offset=0x3c bytes=2 changes={}] 00 00 ".."
SET_DATA[offset=0x3e bytes=2 changes={}] 00 00 ".."
SET_DATA[offset=0xec bytes=1016 changes={0x01b4:[f0]->[c0], 0x01ce:[53 47]->[fd 46], 0x01d2:[53 47]->[fd 46]}]

Outputs 7-8:
SET_DATA[offset=0x40 bytes=2 changes={}] 00 00 ".."
SET_DATA[offset=0x42 bytes=2 changes={}] 00 00 ".."
SET_DATA[offset=0xec bytes=1016 changes={0x01b4:[c0]->[00], 0x01d6:[53 47]->[fd 46], 0x01da:[53 47]->[fd 46]}]

Outputs 9-10:
SET_DATA[offset=0x44 bytes=2 changes={}] 00 00 ".."
SET_DATA[offset=0x46 bytes=2 changes={}] 00 00 ".."
SET_DATA[offset=0xec bytes=1016 changes={0x01b5:[ff]->[fc], 0x01de:[53 47]->[fd 46], 0x01e2:[53 47]->[fd 46]}]

SPDIF 1-2:
SET_DATA[offset=0xec bytes=1016 changes={0x01b5:[fc]->[f0]}]

ADAT 1.1.-1.2:
SET_DATA[offset=0xec bytes=1016 changes={0x01b5:[f0]->[c0]}]

ADAT 1.3.-1.4:
SET_DATA[offset=0xec bytes=1016 changes={0x01b5:[c0]->[00]}]

ADAT 1.5.-1.6:
SET_DATA[offset=0xec bytes=1016 changes={0x01b6:[ff]->[fc]}]

ADAT 1.7.-1.8:
SET_DATA[offset=0xec bytes=1016 changes={0x01b6:[fc]->[f0]}]

Loopback 1-2:
SET_DATA[offset=0xec bytes=1016 changes={0x01b7:[03]->[00]}]

-------------------------------------------------------------------------------
Step 2
-------------------------------------------------------------------------------

Outputs 1-2:
SET_DATA[offset=0x34 bytes=2 changes={}] 81 ff ".."
SET_DATA[offset=0x36 bytes=2 changes={}] 81 ff ".."
SET_DATA[offset=0xec bytes=1016 changes={0x01b4:[00]->[03]}]

Outputs 3-4:
SET_DATA[offset=0x38 bytes=2 changes={}]
SET_DATA[offset=0x3a bytes=2 changes={}]
SET_DATA[offset=0xec bytes=1016 changes={0x01b4:[03]->[0f]}]

Outputs 5-6:
SET_DATA[offset=0x3c bytes=2 changes={}] 00 00 ".."
SET_DATA[offset=0x3e bytes=2 changes={}] 00 00 ".."
SET_DATA[offset=0xec bytes=1016 changes={0x01b4:[0f]->[3f]}]

Outputs 7-8:
SET_DATA[offset=0x40 bytes=2 changes={}] 00 00 ".."
SET_DATA[offset=0x42 bytes=2 changes={}] 00 00 ".."
SET_DATA[offset=0xec bytes=1016 changes={0x01b4:[3f]->[ff]}]

Outputs 9-10:
SET_DATA[offset=0x44 bytes=2 changes={}] 00 00 ".."
SET_DATA[offset=0x46 bytes=2 changes={}] 00 00 ".."
SET_DATA[offset=0xec bytes=1016 changes={0x01b5:[00]->[03]}]

SPDIF 1-2:
SET_DATA[offset=0xec bytes=1016 changes={0x01b5:[03]->[0f]}]

ADAT 1.1.-1.2:
SET_DATA[offset=0xec bytes=1016 changes={0x01b5:[0f]->[3f]}]

ADAT 1.3.-1.4:
SET_DATA[offset=0xec bytes=1016 changes={0x01b5:[3f]->[ff]}]

ADAT 1.5.-1.6:
SET_DATA[offset=0xec bytes=1016 changes={0x01b6:[f0]->[f3]}]

ADAT 1.7.-1.8:
SET_DATA[offset=0xec bytes=1016 changes={0x01b6:[f3]->[ff]}]

Loopback 1-2:
SET_DATA[offset=0xec bytes=1016 changes={0x01b7:[00]->[03]}]
