-------------------------------------------------------------------------------
Decreasing the volume of outputs

Software configuration space checksum changes are not listed in log

Scenario:
0. All outputs are in STEREO mode and configured to 0 dB output volume
1. For all outputs lower the gain from 0 to -127 dB

-------------------------------------------------------------------------------

Outputs 1-2

SET_DATA[offset=0xec bytes=1016 changes={0x01bc:[81]->[84], 0x01be:[00]->[01], 0x01c0:[81]->[84], 0x01c2:[00]->[01]}]
SET_DATA[offset=0xec bytes=1016 changes={0x01bc:[84]->[86], 0x01c0:[84]->[86]}]
SET_DATA[offset=0xec bytes=1016 changes={0x01bc:[86]->[8a], 0x01c0:[86]->[8a]}]
SET_DATA[offset=0xec bytes=1016 changes={0x01bc:[8a]->[8c], 0x01c0:[8a]->[8c]}]
SET_DATA[offset=0xec bytes=1016 changes={0x01bc:[8c]->[8f], 0x01c0:[8c]->[8f]}]
SET_DATA[offset=0xec bytes=1016 changes={0x01bc:[8f]->[91], 0x01c0:[8f]->[91]}]
SET_DATA[offset=0xec bytes=1016 changes={0x01bc:[91]->[93], 0x01c0:[91]->[93]}]
SET_DATA[offset=0xec bytes=1016 changes={0x01bc:[93]->[97], 0x01c0:[93]->[97]}]
SET_DATA[offset=0xec bytes=1016 changes={0x01bc:[97]->[99], 0x01c0:[97]->[99]}]
SET_DATA[offset=0xec bytes=1016 changes={0x01bc:[99]->[9b], 0x01c0:[99]->[9b]}]
SET_DATA[offset=0xec bytes=1016 changes={0x01bc:[9b]->[9d], 0x01c0:[9b]->[9d]}]
SET_DATA[offset=0xec bytes=1016 changes={0x01bc:[9d]->[9f], 0x01c0:[9d]->[9f]}]
SET_DATA[offset=0xec bytes=1016 changes={0x01bc:[9f]->[a3], 0x01c0:[9f]->[a3]}]
SET_DATA[offset=0xec bytes=1016 changes={0x01bc:[a3]->[a4], 0x01c0:[a3]->[a4]}]
SET_DATA[offset=0xec bytes=1016 changes={0x01bc:[a4]->[a6], 0x01c0:[a4]->[a6]}]
SET_DATA[offset=0xec bytes=1016 changes={0x01bc:[a6]->[a8], 0x01c0:[a6]->[a8]}]
SET_DATA[offset=0xec bytes=1016 changes={0x01bc:[a8]->[aa], 0x01c0:[a8]->[aa]}]
SET_DATA[offset=0xec bytes=1016 changes={0x01bc:[aa]->[ad], 0x01c0:[aa]->[ad]}]
SET_DATA[offset=0xec bytes=1016 changes={0x01bc:[ad]->[af], 0x01c0:[ad]->[af]}]
SET_DATA[offset=0xec bytes=1016 changes={0x01bc:[af]->[b1], 0x01c0:[af]->[b1]}]
SET_DATA[offset=0xec bytes=1016 changes={0x01bc:[b1]->[b2], 0x01c0:[b1]->[b2]}]
SET_DATA[offset=0xec bytes=1016 changes={0x01bc:[b2]->[b4], 0x01c0:[b2]->[b4]}]
SET_DATA[offset=0xec bytes=1016 changes={0x01bc:[b4]->[b6], 0x01c0:[b4]->[b6]}]
SET_DATA[offset=0xec bytes=1016 changes={0x01bc:[b6]->[b8], 0x01c0:[b6]->[b8]}]
SET_DATA[offset=0xec bytes=1016 changes={0x01bc:[b8]->[ba], 0x01c0:[b8]->[ba]}]
SET_DATA[offset=0xec bytes=1016 changes={0x01bc:[ba]->[bb], 0x01c0:[ba]->[bb]}]
SET_DATA[offset=0xec bytes=1016 changes={0x01bc:[bb]->[bd], 0x01c0:[bb]->[bd]}]
SET_DATA[offset=0xec bytes=1016 changes={0x01bc:[bd]->[bf], 0x01c0:[bd]->[bf]}]
SET_DATA[offset=0xec bytes=1016 changes={0x01bc:[bf]->[c0], 0x01c0:[bf]->[c0]}]
SET_DATA[offset=0xec bytes=1016 changes={0x01bc:[c0]->[c2], 0x01c0:[c0]->[c2]}]
SET_DATA[offset=0xec bytes=1016 changes={0x01bc:[c2]->[c3], 0x01c0:[c2]->[c3]}]
SET_DATA[offset=0xec bytes=1016 changes={0x01bc:[c3]->[c5], 0x01c0:[c3]->[c5]}]
SET_DATA[offset=0xec bytes=1016 changes={0x01bc:[c5]->[c7], 0x01c0:[c5]->[c7]}]
SET_DATA[offset=0xec bytes=1016 changes={0x01bc:[c7]->[c8], 0x01c0:[c7]->[c8]}]
SET_DATA[offset=0xec bytes=1016 changes={0x01bc:[c8]->[c9], 0x01c0:[c8]->[c9]}]
SET_DATA[offset=0xec bytes=1016 changes={0x01bc:[c9]->[ca], 0x01c0:[c9]->[ca]}]
SET_DATA[offset=0xec bytes=1016 changes={0x01bc:[ca]->[cc], 0x01c0:[ca]->[cc]}]
SET_DATA[offset=0xec bytes=1016 changes={0x01bc:[cc]->[ce], 0x01c0:[cc]->[ce]}]
SET_DATA[offset=0xec bytes=1016 changes={0x01bc:[ce]->[cf], 0x01c0:[ce]->[cf]}]
SET_DATA[offset=0xec bytes=1016 changes={0x01bc:[cf]->[d0], 0x01c0:[cf]->[d0]}]
SET_DATA[offset=0xec bytes=1016 changes={0x01bc:[d0]->[d1], 0x01c0:[d0]->[d1]}]
SET_DATA[offset=0xec bytes=1016 changes={0x01bc:[d1]->[d2], 0x01c0:[d1]->[d2]}]
SET_DATA[offset=0xec bytes=1016 changes={0x01bc:[d2]->[d4], 0x01c0:[d2]->[d4]}]
SET_DATA[offset=0xec bytes=1016 changes={0x01bc:[d4]->[d5], 0x01c0:[d4]->[d5]}]
SET_DATA[offset=0xec bytes=1016 changes={0x01bc:[d5]->[d6], 0x01c0:[d5]->[d6]}]
SET_DATA[offset=0xec bytes=1016 changes={0x01bc:[d6]->[d7], 0x01c0:[d6]->[d7]}]
SET_DATA[offset=0xec bytes=1016 changes={0x01bc:[d7]->[d8], 0x01c0:[d7]->[d8]}]
SET_DATA[offset=0xec bytes=1016 changes={0x01bc:[d8]->[d9], 0x01c0:[d8]->[d9]}]
SET_DATA[offset=0xec bytes=1016 changes={0x01bc:[d9]->[da], 0x01c0:[d9]->[da]}]
SET_DATA[offset=0xec bytes=1016 changes={0x01bc:[da]->[db], 0x01c0:[da]->[db]}]
SET_DATA[offset=0xec bytes=1016 changes={0x01bc:[db]->[dc], 0x01c0:[db]->[dc]}]
SET_DATA[offset=0xec bytes=1016 changes={0x01bc:[dc]->[dd], 0x01c0:[dc]->[dd]}]
SET_DATA[offset=0xec bytes=1016 changes={0x01bc:[dd]->[de], 0x01c0:[dd]->[de]}]
SET_DATA[offset=0xec bytes=1016 changes={0x01bc:[de]->[df], 0x01c0:[de]->[df]}]
SET_DATA[offset=0xec bytes=1016 changes={0x01bc:[df]->[e0], 0x01c0:[df]->[e0]}]
SET_DATA[offset=0xec bytes=1016 changes={0x01bc:[e0]->[e1], 0x01c0:[e0]->[e1]}]
SET_DATA[offset=0xec bytes=1016 changes={0x01bc:[e1]->[e2], 0x01c0:[e1]->[e2]}]
SET_DATA[offset=0xec bytes=1016 changes={0x01bc:[e2]->[e3], 0x01c0:[e2]->[e3]}]
SET_DATA[offset=0xec bytes=1016 changes={0x01bc:[e3]->[e4], 0x01c0:[e3]->[e4]}]
SET_DATA[offset=0xec bytes=1016 changes={0x01bc:[e4]->[e5], 0x01c0:[e4]->[e5]}]
SET_DATA[offset=0xec bytes=1016 changes={0x01bc:[e5]->[e6], 0x01c0:[e5]->[e6]}]
SET_DATA[offset=0xec bytes=1016 changes={0x01bc:[e6]->[e7], 0x01c0:[e6]->[e7]}]
SET_DATA[offset=0xec bytes=1016 changes={0x01bc:[e7]->[e8], 0x01c0:[e7]->[e8]}]
SET_DATA[offset=0xec bytes=1016 changes={0x01bc:[e8]->[e9], 0x01c0:[e8]->[e9]}]
SET_DATA[offset=0xec bytes=1016 changes={0x01bc:[e9]->[ea], 0x01c0:[e9]->[ea]}]
SET_DATA[offset=0xec bytes=1016 changes={0x01bc:[ea]->[eb], 0x01c0:[ea]->[eb]}]
SET_DATA[offset=0xec bytes=1016 changes={0x01bc:[eb]->[ec], 0x01c0:[eb]->[ec]}]
SET_DATA[offset=0xec bytes=1016 changes={0x01bc:[ec]->[ed], 0x01c0:[ec]->[ed]}]
SET_DATA[offset=0xec bytes=1016 changes={0x01bc:[ed]->[ee], 0x01c0:[ed]->[ee]}]
SET_DATA[offset=0xec bytes=1016 changes={0x01bc:[ee]->[ef], 0x01c0:[ee]->[ef]}]
SET_DATA[offset=0xec bytes=1016 changes={0x01bc:[ef]->[f0], 0x01c0:[ef]->[f0]}]
SET_DATA[offset=0xec bytes=1016 changes={0x01bc:[f0]->[f1], 0x01c0:[f0]->[f1]}]
SET_DATA[offset=0xec bytes=1016 changes={0x01bc:[f1]->[f2], 0x01c0:[f1]->[f2]}]
SET_DATA[offset=0xec bytes=1016 changes={0x01bc:[f2]->[f3], 0x01c0:[f2]->[f3]}]
SET_DATA[offset=0xec bytes=1016 changes={0x01bc:[f3]->[f4], 0x01c0:[f3]->[f4]}]
SET_DATA[offset=0xec bytes=1016 changes={0x01bc:[f4]->[f5], 0x01c0:[f4]->[f5]}]
SET_DATA[offset=0xec bytes=1016 changes={0x01bc:[f5]->[f6], 0x01c0:[f5]->[f6]}]
SET_DATA[offset=0xec bytes=1016 changes={0x01bc:[f6]->[f7], 0x01c0:[f6]->[f7]}]
SET_DATA[offset=0xec bytes=1016 changes={0x01bc:[f7]->[f8], 0x01c0:[f7]->[f8]}]
SET_DATA[offset=0xec bytes=1016 changes={0x01bc:[f8]->[f9], 0x01c0:[f8]->[f9]}]
SET_DATA[offset=0xec bytes=1016 changes={0x01bc:[f9]->[fa], 0x01c0:[f9]->[fa]}]
SET_DATA[offset=0xec bytes=1016 changes={0x01bc:[fa]->[fb], 0x01c0:[fa]->[fb]}]
SET_DATA[offset=0xec bytes=1016 changes={0x01bc:[fb]->[fc], 0x01c0:[fb]->[fc]}]
SET_DATA[offset=0xec bytes=1016 changes={0x01bc:[fc]->[fd], 0x01c0:[fc]->[fd]}]
SET_DATA[offset=0xec bytes=1016 changes={0x01bc:[fd]->[fe], 0x01c0:[fd]->[fe]}]
SET_DATA[offset=0xec bytes=1016 changes={0x01bc:[fe]->[ff], 0x01c0:[fe]->[ff]}]
SET_DATA[offset=0xec bytes=1016 changes={0x01bc:[ff ff]->[00 00], 0x01c0:[ff ff]->[00 00]}]
SET_DATA[offset=0xec bytes=1016 changes={0x01bc:[00 00]->[ff ff], 0x01c0:[00 00]->[ff ff]}]
SET_DATA[offset=0xec bytes=1016 changes={0x01bc:[ff]->[fe], 0x01c0:[ff]->[fe]}]
SET_DATA[offset=0xec bytes=1016 changes={0x01bc:[fe]->[fd], 0x01c0:[fe]->[fd]}]
SET_DATA[offset=0xec bytes=1016 changes={0x01bc:[fd]->[fc], 0x01c0:[fd]->[fc]}]
SET_DATA[offset=0xec bytes=1016 changes={0x01bc:[fc]->[fb], 0x01c0:[fc]->[fb]}]
SET_DATA[offset=0xec bytes=1016 changes={0x01bc:[fb]->[fa], 0x01c0:[fb]->[fa]}]
SET_DATA[offset=0xec bytes=1016 changes={0x01bc:[fa]->[f9], 0x01c0:[fa]->[f9]}]
SET_DATA[offset=0xec bytes=1016 changes={0x01bc:[f9]->[f8], 0x01c0:[f9]->[f8]}]
SET_DATA[offset=0xec bytes=1016 changes={0x01bc:[f8]->[f7], 0x01c0:[f8]->[f7]}]
SET_DATA[offset=0xec bytes=1016 changes={0x01bc:[f7]->[f6], 0x01c0:[f7]->[f6]}]
SET_DATA[offset=0xec bytes=1016 changes={0x01bc:[f6]->[f5], 0x01c0:[f6]->[f5]}]
SET_DATA[offset=0xec bytes=1016 changes={0x01bc:[f5]->[f4], 0x01c0:[f5]->[f4]}]
SET_DATA[offset=0xec bytes=1016 changes={0x01bc:[f4]->[f3], 0x01c0:[f4]->[f3]}]
SET_DATA[offset=0xec bytes=1016 changes={0x01bc:[f3]->[f2], 0x01c0:[f3]->[f2]}]
SET_DATA[offset=0xec bytes=1016 changes={0x01bc:[f2]->[f1], 0x01c0:[f2]->[f1]}]
SET_DATA[offset=0xec bytes=1016 changes={0x01bc:[f1]->[f0], 0x01c0:[f1]->[f0]}]
SET_DATA[offset=0xec bytes=1016 changes={0x01bc:[f0]->[ef], 0x01c0:[f0]->[ef]}]
SET_DATA[offset=0xec bytes=1016 changes={0x01bc:[ef]->[ee], 0x01c0:[ef]->[ee]}]
SET_DATA[offset=0xec bytes=1016 changes={0x01bc:[ee]->[ed], 0x01c0:[ee]->[ed]}]
SET_DATA[offset=0xec bytes=1016 changes={0x01bc:[ed]->[ec], 0x01c0:[ed]->[ec]}]
SET_DATA[offset=0xec bytes=1016 changes={0x01bc:[ec]->[eb], 0x01c0:[ec]->[eb]}]
SET_DATA[offset=0xec bytes=1016 changes={0x01bc:[eb]->[ea], 0x01c0:[eb]->[ea]}]
SET_DATA[offset=0xec bytes=1016 changes={0x01bc:[ea]->[e9], 0x01c0:[ea]->[e9]}]
SET_DATA[offset=0xec bytes=1016 changes={0x01bc:[e9]->[e8], 0x01c0:[e9]->[e8]}]
SET_DATA[offset=0xec bytes=1016 changes={0x01bc:[e8]->[e7], 0x01c0:[e8]->[e7]}]
SET_DATA[offset=0xec bytes=1016 changes={0x01bc:[e7]->[e6], 0x01c0:[e7]->[e6]}]
SET_DATA[offset=0xec bytes=1016 changes={0x01bc:[e6]->[e5], 0x01c0:[e6]->[e5]}]
SET_DATA[offset=0xec bytes=1016 changes={0x01bc:[e5]->[e4], 0x01c0:[e5]->[e4]}]
SET_DATA[offset=0xec bytes=1016 changes={0x01bc:[e4]->[e3], 0x01c0:[e4]->[e3]}]
SET_DATA[offset=0xec bytes=1016 changes={0x01bc:[e3]->[e2], 0x01c0:[e3]->[e2]}]
SET_DATA[offset=0xec bytes=1016 changes={0x01bc:[e2]->[e1], 0x01c0:[e2]->[e1]}]
SET_DATA[offset=0xec bytes=1016 changes={0x01bc:[e1]->[e0], 0x01c0:[e1]->[e0]}]
SET_DATA[offset=0xec bytes=1016 changes={0x01bc:[e0]->[df], 0x01c0:[e0]->[df]}]
SET_DATA[offset=0xec bytes=1016 changes={0x01bc:[df]->[de], 0x01c0:[df]->[de]}]
SET_DATA[offset=0xec bytes=1016 changes={0x01bc:[de]->[dd], 0x01c0:[de]->[dd]}]
SET_DATA[offset=0xec bytes=1016 changes={0x01bc:[dd]->[dc], 0x01c0:[dd]->[dc]}]
SET_DATA[offset=0xec bytes=1016 changes={0x01bc:[dc]->[db], 0x01c0:[dc]->[db]}]
SET_DATA[offset=0xec bytes=1016 changes={0x01bc:[db]->[da], 0x01c0:[db]->[da]}]
SET_DATA[offset=0xec bytes=1016 changes={0x01bc:[da]->[d8], 0x01c0:[da]->[d8]}]
SET_DATA[offset=0xec bytes=1016 changes={0x01bc:[d8]->[d7], 0x01c0:[d8]->[d7]}]
SET_DATA[offset=0xec bytes=1016 changes={0x01bc:[d7]->[d6], 0x01c0:[d7]->[d6]}]
SET_DATA[offset=0xec bytes=1016 changes={0x01bc:[d6]->[d5], 0x01c0:[d6]->[d5]}]
SET_DATA[offset=0xec bytes=1016 changes={0x01bc:[d5]->[d4], 0x01c0:[d5]->[d4]}]
SET_DATA[offset=0xec bytes=1016 changes={0x01bc:[d4]->[d3], 0x01c0:[d4]->[d3]}]
SET_DATA[offset=0xec bytes=1016 changes={0x01bc:[d3]->[d2], 0x01c0:[d3]->[d2]}]
SET_DATA[offset=0xec bytes=1016 changes={0x01bc:[d2]->[d0], 0x01c0:[d2]->[d0]}]
SET_DATA[offset=0xec bytes=1016 changes={0x01bc:[d0]->[cf], 0x01c0:[d0]->[cf]}]
SET_DATA[offset=0xec bytes=1016 changes={0x01bc:[cf]->[ce], 0x01c0:[cf]->[ce]}]
SET_DATA[offset=0xec bytes=1016 changes={0x01bc:[ce]->[cd], 0x01c0:[ce]->[cd]}]
SET_DATA[offset=0xec bytes=1016 changes={0x01bc:[cd]->[cb], 0x01c0:[cd]->[cb]}]
SET_DATA[offset=0xec bytes=1016 changes={0x01bc:[cb]->[ca], 0x01c0:[cb]->[ca]}]
SET_DATA[offset=0xec bytes=1016 changes={0x01bc:[ca]->[c9], 0x01c0:[ca]->[c9]}]
SET_DATA[offset=0xec bytes=1016 changes={0x01bc:[c9]->[c7], 0x01c0:[c9]->[c7]}]
SET_DATA[offset=0xec bytes=1016 changes={0x01bc:[c7]->[c6], 0x01c0:[c7]->[c6]}]
SET_DATA[offset=0xec bytes=1016 changes={0x01bc:[c6]->[c4], 0x01c0:[c6]->[c4]}]
SET_DATA[offset=0xec bytes=1016 changes={0x01bc:[c4]->[c3], 0x01c0:[c4]->[c3]}]
SET_DATA[offset=0xec bytes=1016 changes={0x01bc:[c3]->[c1], 0x01c0:[c3]->[c1]}]
SET_DATA[offset=0xec bytes=1016 changes={0x01bc:[c1]->[c0], 0x01c0:[c1]->[c0]}]
SET_DATA[offset=0xec bytes=1016 changes={0x01bc:[c0]->[be], 0x01c0:[c0]->[be]}]
SET_DATA[offset=0xec bytes=1016 changes={0x01bc:[be]->[bc], 0x01c0:[be]->[bc]}]
SET_DATA[offset=0xec bytes=1016 changes={0x01bc:[bc]->[ba], 0x01c0:[bc]->[ba]}]
SET_DATA[offset=0xec bytes=1016 changes={0x01bc:[ba]->[b9], 0x01c0:[ba]->[b9]}]
SET_DATA[offset=0xec bytes=1016 changes={0x01bc:[b9]->[b7], 0x01c0:[b9]->[b7]}]
SET_DATA[offset=0xec bytes=1016 changes={0x01bc:[b7]->[b6], 0x01c0:[b7]->[b6]}]
SET_DATA[offset=0xec bytes=1016 changes={0x01bc:[b6]->[b3], 0x01c0:[b6]->[b3]}]
SET_DATA[offset=0xec bytes=1016 changes={0x01bc:[b3]->[b1], 0x01c0:[b3]->[b1]}]
SET_DATA[offset=0xec bytes=1016 changes={0x01bc:[b1]->[b0], 0x01c0:[b1]->[b0]}]
SET_DATA[offset=0xec bytes=1016 changes={0x01bc:[b0]->[ae], 0x01c0:[b0]->[ae]}]
SET_DATA[offset=0xec bytes=1016 changes={0x01bc:[ae]->[ac], 0x01c0:[ae]->[ac]}]
SET_DATA[offset=0xec bytes=1016 changes={0x01bc:[ac]->[a9], 0x01c0:[ac]->[a9]}]
SET_DATA[offset=0xec bytes=1016 changes={0x01bc:[a9]->[a7], 0x01c0:[a9]->[a7]}]
SET_DATA[offset=0xec bytes=1016 changes={0x01bc:[a7]->[a5], 0x01c0:[a7]->[a5]}]
SET_DATA[offset=0xec bytes=1016 changes={0x01bc:[a5]->[a4], 0x01c0:[a5]->[a4]}]
SET_DATA[offset=0xec bytes=1016 changes={0x01bc:[a4]->[a1], 0x01c0:[a4]->[a1]}]
SET_DATA[offset=0xec bytes=1016 changes={0x01bc:[a1]->[9e], 0x01c0:[a1]->[9e]}]
SET_DATA[offset=0xec bytes=1016 changes={0x01bc:[9e]->[9c], 0x01c0:[9e]->[9c]}]
SET_DATA[offset=0xec bytes=1016 changes={0x01bc:[9c]->[9a], 0x01c0:[9c]->[9a]}]
SET_DATA[offset=0xec bytes=1016 changes={0x01bc:[9a]->[98], 0x01c0:[9a]->[98]}]
SET_DATA[offset=0xec bytes=1016 changes={0x01bc:[98]->[96], 0x01c0:[98]->[96]}]
SET_DATA[offset=0xec bytes=1016 changes={0x01bc:[96]->[92], 0x01c0:[96]->[92]}]
SET_DATA[offset=0xec bytes=1016 changes={0x01bc:[92]->[90], 0x01c0:[92]->[90]}]
SET_DATA[offset=0xec bytes=1016 changes={0x01bc:[90]->[8e], 0x01c0:[90]->[8e]}]
SET_DATA[offset=0xec bytes=1016 changes={0x01bc:[8e]->[8b], 0x01c0:[8e]->[8b]}]
SET_DATA[offset=0xec bytes=1016 changes={0x01bc:[8b]->[89], 0x01c0:[8b]->[89]}]
SET_DATA[offset=0xec bytes=1016 changes={0x01bc:[89]->[85], 0x01c0:[89]->[85]}]
SET_DATA[offset=0xec bytes=1016 changes={0x01bc:[85]->[82], 0x01c0:[85]->[82]}]
SET_DATA[offset=0xec bytes=1016 changes={0x01bc:[82]->[81], 0x01c0:[82]->[81]}]

Outputs 3-4

SET_DATA[offset=0xec bytes=1016 changes={0x01c4:[00 00 00]->[ff ff 01], 0x01c8:[00 00 00]->[ff ff 01]}]
SET_DATA[offset=0xec bytes=1016 changes={0x01c4:[ff]->[fe], 0x01c8:[ff]->[fe]}]
SET_DATA[offset=0xec bytes=1016 changes={0x01c4:[fe]->[fd], 0x01c8:[fe]->[fd]}]
SET_DATA[offset=0xec bytes=1016 changes={0x01c4:[fd]->[fc], 0x01c8:[fd]->[fc]}]
SET_DATA[offset=0xec bytes=1016 changes={0x01c4:[fc]->[fb], 0x01c8:[fc]->[fb]}]
SET_DATA[offset=0xec bytes=1016 changes={0x01c4:[fb]->[fa], 0x01c8:[fb]->[fa]}]
SET_DATA[offset=0xec bytes=1016 changes={0x01c4:[fa]->[f9], 0x01c8:[fa]->[f9]}]
SET_DATA[offset=0xec bytes=1016 changes={0x01c4:[f9]->[f8], 0x01c8:[f9]->[f8]}]
SET_DATA[offset=0xec bytes=1016 changes={0x01c4:[f8]->[f7], 0x01c8:[f8]->[f7]}]
SET_DATA[offset=0xec bytes=1016 changes={0x01c4:[f7]->[f6], 0x01c8:[f7]->[f6]}]
SET_DATA[offset=0xec bytes=1016 changes={0x01c4:[f6]->[f5], 0x01c8:[f6]->[f5]}]
SET_DATA[offset=0xec bytes=1016 changes={0x01c4:[f5]->[f4], 0x01c8:[f5]->[f4]}]
SET_DATA[offset=0xec bytes=1016 changes={0x01c4:[f4]->[f3], 0x01c8:[f4]->[f3]}]
SET_DATA[offset=0xec bytes=1016 changes={0x01c4:[f3]->[f2], 0x01c8:[f3]->[f2]}]
SET_DATA[offset=0xec bytes=1016 changes={0x01c4:[f2]->[f1], 0x01c8:[f2]->[f1]}]
SET_DATA[offset=0xec bytes=1016 changes={0x01c4:[f1]->[f0], 0x01c8:[f1]->[f0]}]
SET_DATA[offset=0xec bytes=1016 changes={0x01c4:[f0]->[ef], 0x01c8:[f0]->[ef]}]
SET_DATA[offset=0xec bytes=1016 changes={0x01c4:[ef]->[ee], 0x01c8:[ef]->[ee]}]
SET_DATA[offset=0xec bytes=1016 changes={0x01c4:[ee]->[ed], 0x01c8:[ee]->[ed]}]
SET_DATA[offset=0xec bytes=1016 changes={0x01c4:[ed]->[ec], 0x01c8:[ed]->[ec]}]
SET_DATA[offset=0xec bytes=1016 changes={0x01c4:[ec]->[eb], 0x01c8:[ec]->[eb]}]
SET_DATA[offset=0xec bytes=1016 changes={0x01c4:[eb]->[ea], 0x01c8:[eb]->[ea]}]
SET_DATA[offset=0xec bytes=1016 changes={0x01c4:[ea]->[e9], 0x01c8:[ea]->[e9]}]
SET_DATA[offset=0xec bytes=1016 changes={0x01c4:[e9]->[e8], 0x01c8:[e9]->[e8]}]
SET_DATA[offset=0xec bytes=1016 changes={0x01c4:[e8]->[e7], 0x01c8:[e8]->[e7]}]
SET_DATA[offset=0xec bytes=1016 changes={0x01c4:[e7]->[e6], 0x01c8:[e7]->[e6]}]
SET_DATA[offset=0xec bytes=1016 changes={0x01c4:[e6]->[e5], 0x01c8:[e6]->[e5]}]
SET_DATA[offset=0xec bytes=1016 changes={0x01c4:[e5]->[e4], 0x01c8:[e5]->[e4]}]
SET_DATA[offset=0xec bytes=1016 changes={0x01c4:[e4]->[e3], 0x01c8:[e4]->[e3]}]
SET_DATA[offset=0xec bytes=1016 changes={0x01c4:[e3]->[e2], 0x01c8:[e3]->[e2]}]
SET_DATA[offset=0xec bytes=1016 changes={0x01c4:[e2]->[e1], 0x01c8:[e2]->[e1]}]
SET_DATA[offset=0xec bytes=1016 changes={0x01c4:[e1]->[e0], 0x01c8:[e1]->[e0]}]
SET_DATA[offset=0xec bytes=1016 changes={0x01c4:[e0]->[df], 0x01c8:[e0]->[df]}]
SET_DATA[offset=0xec bytes=1016 changes={0x01c4:[df]->[de], 0x01c8:[df]->[de]}]
SET_DATA[offset=0xec bytes=1016 changes={0x01c4:[de]->[dd], 0x01c8:[de]->[dd]}]
SET_DATA[offset=0xec bytes=1016 changes={0x01c4:[dd]->[dc], 0x01c8:[dd]->[dc]}]
SET_DATA[offset=0xec bytes=1016 changes={0x01c4:[dc]->[db], 0x01c8:[dc]->[db]}]
SET_DATA[offset=0xec bytes=1016 changes={0x01c4:[db]->[da], 0x01c8:[db]->[da]}]
SET_DATA[offset=0xec bytes=1016 changes={0x01c4:[da]->[d9], 0x01c8:[da]->[d9]}]
SET_DATA[offset=0xec bytes=1016 changes={0x01c4:[d9]->[d8], 0x01c8:[d9]->[d8]}]
SET_DATA[offset=0xec bytes=1016 changes={0x01c4:[d8]->[d7], 0x01c8:[d8]->[d7]}]
SET_DATA[offset=0xec bytes=1016 changes={0x01c4:[d7]->[d6], 0x01c8:[d7]->[d6]}]
SET_DATA[offset=0xec bytes=1016 changes={0x01c4:[d6]->[d5], 0x01c8:[d6]->[d5]}]
SET_DATA[offset=0xec bytes=1016 changes={0x01c4:[d5]->[d4], 0x01c8:[d5]->[d4]}]
SET_DATA[offset=0xec bytes=1016 changes={0x01c4:[d4]->[d2], 0x01c8:[d4]->[d2]}]
SET_DATA[offset=0xec bytes=1016 changes={0x01c4:[d2]->[d1], 0x01c8:[d2]->[d1]}]
SET_DATA[offset=0xec bytes=1016 changes={0x01c4:[d1]->[d0], 0x01c8:[d1]->[d0]}]
SET_DATA[offset=0xec bytes=1016 changes={0x01c4:[d0]->[cf], 0x01c8:[d0]->[cf]}]
SET_DATA[offset=0xec bytes=1016 changes={0x01c4:[cf]->[ce], 0x01c8:[cf]->[ce]}]
SET_DATA[offset=0xec bytes=1016 changes={0x01c4:[ce]->[cc], 0x01c8:[ce]->[cc]}]
SET_DATA[offset=0xec bytes=1016 changes={0x01c4:[cc]->[ca], 0x01c8:[cc]->[ca]}]
SET_DATA[offset=0xec bytes=1016 changes={0x01c4:[ca]->[c9], 0x01c8:[ca]->[c9]}]
SET_DATA[offset=0xec bytes=1016 changes={0x01c4:[c9]->[c8], 0x01c8:[c9]->[c8]}]
SET_DATA[offset=0xec bytes=1016 changes={0x01c4:[c8]->[c7], 0x01c8:[c8]->[c7]}]
SET_DATA[offset=0xec bytes=1016 changes={0x01c4:[c7]->[c5], 0x01c8:[c7]->[c5]}]
SET_DATA[offset=0xec bytes=1016 changes={0x01c4:[c5]->[c3], 0x01c8:[c5]->[c3]}]
SET_DATA[offset=0xec bytes=1016 changes={0x01c4:[c3]->[c2], 0x01c8:[c3]->[c2]}]
SET_DATA[offset=0xec bytes=1016 changes={0x01c4:[c2]->[c0], 0x01c8:[c2]->[c0]}]
SET_DATA[offset=0xec bytes=1016 changes={0x01c4:[c0]->[bf], 0x01c8:[c0]->[bf]}]
SET_DATA[offset=0xec bytes=1016 changes={0x01c4:[bf]->[bd], 0x01c8:[bf]->[bd]}]
SET_DATA[offset=0xec bytes=1016 changes={0x01c4:[bd]->[bb], 0x01c8:[bd]->[bb]}]
SET_DATA[offset=0xec bytes=1016 changes={0x01c4:[bb]->[ba], 0x01c8:[bb]->[ba]}]
SET_DATA[offset=0xec bytes=1016 changes={0x01c4:[ba]->[b8], 0x01c8:[ba]->[b8]}]
SET_DATA[offset=0xec bytes=1016 changes={0x01c4:[b8]->[b6], 0x01c8:[b8]->[b6]}]
SET_DATA[offset=0xec bytes=1016 changes={0x01c4:[b6]->[b4], 0x01c8:[b6]->[b4]}]
SET_DATA[offset=0xec bytes=1016 changes={0x01c4:[b4]->[b2], 0x01c8:[b4]->[b2]}]
SET_DATA[offset=0xec bytes=1016 changes={0x01c4:[b2]->[b1], 0x01c8:[b2]->[b1]}]
SET_DATA[offset=0xec bytes=1016 changes={0x01c4:[b1]->[af], 0x01c8:[b1]->[af]}]
SET_DATA[offset=0xec bytes=1016 changes={0x01c4:[af]->[ad], 0x01c8:[af]->[ad]}]
SET_DATA[offset=0xec bytes=1016 changes={0x01c4:[ad]->[aa], 0x01c8:[ad]->[aa]}]
SET_DATA[offset=0xec bytes=1016 changes={0x01c4:[aa]->[a8], 0x01c8:[aa]->[a8]}]
SET_DATA[offset=0xec bytes=1016 changes={0x01c4:[a8]->[a6], 0x01c8:[a8]->[a6]}]
SET_DATA[offset=0xec bytes=1016 changes={0x01c4:[a6]->[a4], 0x01c8:[a6]->[a4]}]
SET_DATA[offset=0xec bytes=1016 changes={0x01c4:[a4]->[a3], 0x01c8:[a4]->[a3]}]
SET_DATA[offset=0xec bytes=1016 changes={0x01c4:[a3]->[9f], 0x01c8:[a3]->[9f]}]
SET_DATA[offset=0xec bytes=1016 changes={0x01c4:[9f]->[9d], 0x01c8:[9f]->[9d]}]
SET_DATA[offset=0xec bytes=1016 changes={0x01c4:[9d]->[9b], 0x01c8:[9d]->[9b]}]
SET_DATA[offset=0xec bytes=1016 changes={0x01c4:[9b]->[99], 0x01c8:[9b]->[99]}]
SET_DATA[offset=0xec bytes=1016 changes={0x01c4:[99]->[97], 0x01c8:[99]->[97]}]
SET_DATA[offset=0xec bytes=1016 changes={0x01c4:[97]->[93], 0x01c8:[97]->[93]}]
SET_DATA[offset=0xec bytes=1016 changes={0x01c4:[93]->[91], 0x01c8:[93]->[91]}]
SET_DATA[offset=0xec bytes=1016 changes={0x01c4:[91]->[8f], 0x01c8:[91]->[8f]}]
SET_DATA[offset=0xec bytes=1016 changes={0x01c4:[8f]->[8c], 0x01c8:[8f]->[8c]}]
SET_DATA[offset=0xec bytes=1016 changes={0x01c4:[8c]->[8a], 0x01c8:[8c]->[8a]}]
SET_DATA[offset=0xec bytes=1016 changes={0x01c4:[8a]->[86], 0x01c8:[8a]->[86]}]
SET_DATA[offset=0xec bytes=1016 changes={0x01c4:[86]->[84], 0x01c8:[86]->[84]}]
SET_DATA[offset=0xec bytes=1016 changes={0x01c4:[84]->[81], 0x01c8:[84]->[81]}]

Outputs 5-6

SET_DATA[offset=0xec bytes=1016 changes={0x01cc:[00 00 00]->[ff ff 01], 0x01d0:[00 00 00]->[ff ff 01]}]
SET_DATA[offset=0xec bytes=1016 changes={0x01cc:[ff]->[fe], 0x01d0:[ff]->[fe]}]
SET_DATA[offset=0xec bytes=1016 changes={0x01cc:[fe]->[fd], 0x01d0:[fe]->[fd]}]
SET_DATA[offset=0xec bytes=1016 changes={0x01cc:[fd]->[fc], 0x01d0:[fd]->[fc]}]
SET_DATA[offset=0xec bytes=1016 changes={0x01cc:[fc]->[fb], 0x01d0:[fc]->[fb]}]
SET_DATA[offset=0xec bytes=1016 changes={0x01cc:[fb]->[fa], 0x01d0:[fb]->[fa]}]
SET_DATA[offset=0xec bytes=1016 changes={0x01cc:[fa]->[f9], 0x01d0:[fa]->[f9]}]
SET_DATA[offset=0xec bytes=1016 changes={0x01cc:[f9]->[f8], 0x01d0:[f9]->[f8]}]
SET_DATA[offset=0xec bytes=1016 changes={0x01cc:[f8]->[f7], 0x01d0:[f8]->[f7]}]
SET_DATA[offset=0xec bytes=1016 changes={0x01cc:[f7]->[f6], 0x01d0:[f7]->[f6]}]
SET_DATA[offset=0xec bytes=1016 changes={0x01cc:[f6]->[f5], 0x01d0:[f6]->[f5]}]
SET_DATA[offset=0xec bytes=1016 changes={0x01cc:[f5]->[f4], 0x01d0:[f5]->[f4]}]
SET_DATA[offset=0xec bytes=1016 changes={0x01cc:[f4]->[f3], 0x01d0:[f4]->[f3]}]
SET_DATA[offset=0xec bytes=1016 changes={0x01cc:[f3]->[f2], 0x01d0:[f3]->[f2]}]
SET_DATA[offset=0xec bytes=1016 changes={0x01cc:[f2]->[f1], 0x01d0:[f2]->[f1]}]
SET_DATA[offset=0xec bytes=1016 changes={0x01cc:[f1]->[f0], 0x01d0:[f1]->[f0]}]
SET_DATA[offset=0xec bytes=1016 changes={0x01cc:[f0]->[ef], 0x01d0:[f0]->[ef]}]
SET_DATA[offset=0xec bytes=1016 changes={0x01cc:[ef]->[ee], 0x01d0:[ef]->[ee]}]
SET_DATA[offset=0xec bytes=1016 changes={0x01cc:[ee]->[ed], 0x01d0:[ee]->[ed]}]
SET_DATA[offset=0xec bytes=1016 changes={0x01cc:[ed]->[ec], 0x01d0:[ed]->[ec]}]
SET_DATA[offset=0xec bytes=1016 changes={0x01cc:[ec]->[eb], 0x01d0:[ec]->[eb]}]
SET_DATA[offset=0xec bytes=1016 changes={0x01cc:[eb]->[ea], 0x01d0:[eb]->[ea]}]
SET_DATA[offset=0xec bytes=1016 changes={0x01cc:[ea]->[e9], 0x01d0:[ea]->[e9]}]
SET_DATA[offset=0xec bytes=1016 changes={0x01cc:[e9]->[e8], 0x01d0:[e9]->[e8]}]
SET_DATA[offset=0xec bytes=1016 changes={0x01cc:[e8]->[e7], 0x01d0:[e8]->[e7]}]
SET_DATA[offset=0xec bytes=1016 changes={0x01cc:[e7]->[e6], 0x01d0:[e7]->[e6]}]
SET_DATA[offset=0xec bytes=1016 changes={0x01cc:[e6]->[e5], 0x01d0:[e6]->[e5]}]
SET_DATA[offset=0xec bytes=1016 changes={0x01cc:[e5]->[e4], 0x01d0:[e5]->[e4]}]
SET_DATA[offset=0xec bytes=1016 changes={0x01cc:[e4]->[e3], 0x01d0:[e4]->[e3]}]
SET_DATA[offset=0xec bytes=1016 changes={0x01cc:[e3]->[e2], 0x01d0:[e3]->[e2]}]
SET_DATA[offset=0xec bytes=1016 changes={0x01cc:[e2]->[e1], 0x01d0:[e2]->[e1]}]
SET_DATA[offset=0xec bytes=1016 changes={0x01cc:[e1]->[e0], 0x01d0:[e1]->[e0]}]
SET_DATA[offset=0xec bytes=1016 changes={0x01cc:[e0]->[df], 0x01d0:[e0]->[df]}]
SET_DATA[offset=0xec bytes=1016 changes={0x01cc:[df]->[de], 0x01d0:[df]->[de]}]
SET_DATA[offset=0xec bytes=1016 changes={0x01cc:[de]->[dd], 0x01d0:[de]->[dd]}]
SET_DATA[offset=0xec bytes=1016 changes={0x01cc:[dd]->[dc], 0x01d0:[dd]->[dc]}]
SET_DATA[offset=0xec bytes=1016 changes={0x01cc:[dc]->[db], 0x01d0:[dc]->[db]}]
SET_DATA[offset=0xec bytes=1016 changes={0x01cc:[db]->[da], 0x01d0:[db]->[da]}]
SET_DATA[offset=0xec bytes=1016 changes={0x01cc:[da]->[d9], 0x01d0:[da]->[d9]}]
SET_DATA[offset=0xec bytes=1016 changes={0x01cc:[d9]->[d8], 0x01d0:[d9]->[d8]}]
SET_DATA[offset=0xec bytes=1016 changes={0x01cc:[d8]->[d7], 0x01d0:[d8]->[d7]}]
SET_DATA[offset=0xec bytes=1016 changes={0x01cc:[d7]->[d6], 0x01d0:[d7]->[d6]}]
SET_DATA[offset=0xec bytes=1016 changes={0x01cc:[d6]->[d5], 0x01d0:[d6]->[d5]}]
SET_DATA[offset=0xec bytes=1016 changes={0x01cc:[d5]->[d4], 0x01d0:[d5]->[d4]}]
SET_DATA[offset=0xec bytes=1016 changes={0x01cc:[d4]->[d2], 0x01d0:[d4]->[d2]}]
SET_DATA[offset=0xec bytes=1016 changes={0x01cc:[d2]->[d1], 0x01d0:[d2]->[d1]}]
SET_DATA[offset=0xec bytes=1016 changes={0x01cc:[d1]->[d0], 0x01d0:[d1]->[d0]}]
SET_DATA[offset=0xec bytes=1016 changes={0x01cc:[d0]->[cf], 0x01d0:[d0]->[cf]}]
SET_DATA[offset=0xec bytes=1016 changes={0x01cc:[cf]->[ce], 0x01d0:[cf]->[ce]}]
SET_DATA[offset=0xec bytes=1016 changes={0x01cc:[ce]->[cc], 0x01d0:[ce]->[cc]}]
SET_DATA[offset=0xec bytes=1016 changes={0x01cc:[cc]->[ca], 0x01d0:[cc]->[ca]}]
SET_DATA[offset=0xec bytes=1016 changes={0x01cc:[ca]->[c9], 0x01d0:[ca]->[c9]}]
SET_DATA[offset=0xec bytes=1016 changes={0x01cc:[c9]->[c8], 0x01d0:[c9]->[c8]}]
SET_DATA[offset=0xec bytes=1016 changes={0x01cc:[c8]->[c7], 0x01d0:[c8]->[c7]}]
SET_DATA[offset=0xec bytes=1016 changes={0x01cc:[c7]->[c5], 0x01d0:[c7]->[c5]}]
SET_DATA[offset=0xec bytes=1016 changes={0x01cc:[c5]->[c3], 0x01d0:[c5]->[c3]}]
SET_DATA[offset=0xec bytes=1016 changes={0x01cc:[c3]->[c2], 0x01d0:[c3]->[c2]}]
SET_DATA[offset=0xec bytes=1016 changes={0x01cc:[c2]->[c0], 0x01d0:[c2]->[c0]}]
SET_DATA[offset=0xec bytes=1016 changes={0x01cc:[c0]->[bf], 0x01d0:[c0]->[bf]}]
SET_DATA[offset=0xec bytes=1016 changes={0x01cc:[bf]->[bd], 0x01d0:[bf]->[bd]}]
SET_DATA[offset=0xec bytes=1016 changes={0x01cc:[bd]->[bb], 0x01d0:[bd]->[bb]}]
SET_DATA[offset=0xec bytes=1016 changes={0x01cc:[bb]->[ba], 0x01d0:[bb]->[ba]}]
SET_DATA[offset=0xec bytes=1016 changes={0x01cc:[ba]->[b8], 0x01d0:[ba]->[b8]}]
SET_DATA[offset=0xec bytes=1016 changes={0x01cc:[b8]->[b6], 0x01d0:[b8]->[b6]}]
SET_DATA[offset=0xec bytes=1016 changes={0x01cc:[b6]->[b4], 0x01d0:[b6]->[b4]}]
SET_DATA[offset=0xec bytes=1016 changes={0x01cc:[b4]->[b2], 0x01d0:[b4]->[b2]}]
SET_DATA[offset=0xec bytes=1016 changes={0x01cc:[b2]->[b1], 0x01d0:[b2]->[b1]}]
SET_DATA[offset=0xec bytes=1016 changes={0x01cc:[b1]->[af], 0x01d0:[b1]->[af]}]
SET_DATA[offset=0xec bytes=1016 changes={0x01cc:[af]->[ad], 0x01d0:[af]->[ad]}]
SET_DATA[offset=0xec bytes=1016 changes={0x01cc:[ad]->[aa], 0x01d0:[ad]->[aa]}]
SET_DATA[offset=0xec bytes=1016 changes={0x01cc:[aa]->[a8], 0x01d0:[aa]->[a8]}]
SET_DATA[offset=0xec bytes=1016 changes={0x01cc:[a8]->[a6], 0x01d0:[a8]->[a6]}]
SET_DATA[offset=0xec bytes=1016 changes={0x01cc:[a6]->[a4], 0x01d0:[a6]->[a4]}]
SET_DATA[offset=0xec bytes=1016 changes={0x01cc:[a4]->[a3], 0x01d0:[a4]->[a3]}]
SET_DATA[offset=0xec bytes=1016 changes={0x01cc:[a3]->[9f], 0x01d0:[a3]->[9f]}]
SET_DATA[offset=0xec bytes=1016 changes={0x01cc:[9f]->[9d], 0x01d0:[9f]->[9d]}]
SET_DATA[offset=0xec bytes=1016 changes={0x01cc:[9d]->[9b], 0x01d0:[9d]->[9b]}]
SET_DATA[offset=0xec bytes=1016 changes={0x01cc:[9b]->[99], 0x01d0:[9b]->[99]}]
SET_DATA[offset=0xec bytes=1016 changes={0x01cc:[99]->[97], 0x01d0:[99]->[97]}]
SET_DATA[offset=0xec bytes=1016 changes={0x01cc:[97]->[93], 0x01d0:[97]->[93]}]
SET_DATA[offset=0xec bytes=1016 changes={0x01cc:[93]->[91], 0x01d0:[93]->[91]}]
SET_DATA[offset=0xec bytes=1016 changes={0x01cc:[91]->[8f], 0x01d0:[91]->[8f]}]
SET_DATA[offset=0xec bytes=1016 changes={0x01cc:[8f]->[8c], 0x01d0:[8f]->[8c]}]
SET_DATA[offset=0xec bytes=1016 changes={0x01cc:[8c]->[8a], 0x01d0:[8c]->[8a]}]
SET_DATA[offset=0xec bytes=1016 changes={0x01cc:[8a]->[86], 0x01d0:[8a]->[86]}]
SET_DATA[offset=0xec bytes=1016 changes={0x01cc:[86]->[84], 0x01d0:[86]->[84]}]
SET_DATA[offset=0xec bytes=1016 changes={0x01cc:[84]->[81], 0x01d0:[84]->[81]}]

Outputs 7-8

SET_DATA[offset=0xec bytes=1016 changes={0x01d4:[00 00 00]->[ff ff 01], 0x01d8:[00 00 00]->[ff ff 01]}]
SET_DATA[offset=0xec bytes=1016 changes={0x01d4:[ff]->[fe], 0x01d8:[ff]->[fe]}]
SET_DATA[offset=0xec bytes=1016 changes={0x01d4:[fe]->[fd], 0x01d8:[fe]->[fd]}]
SET_DATA[offset=0xec bytes=1016 changes={0x01d4:[fd]->[fc], 0x01d8:[fd]->[fc]}]
SET_DATA[offset=0xec bytes=1016 changes={0x01d4:[fc]->[fb], 0x01d8:[fc]->[fb]}]
SET_DATA[offset=0xec bytes=1016 changes={0x01d4:[fb]->[fa], 0x01d8:[fb]->[fa]}]
SET_DATA[offset=0xec bytes=1016 changes={0x01d4:[fa]->[f9], 0x01d8:[fa]->[f9]}]
SET_DATA[offset=0xec bytes=1016 changes={0x01d4:[f9]->[f8], 0x01d8:[f9]->[f8]}]
SET_DATA[offset=0xec bytes=1016 changes={0x01d4:[f8]->[f7], 0x01d8:[f8]->[f7]}]
SET_DATA[offset=0xec bytes=1016 changes={0x01d4:[f7]->[f6], 0x01d8:[f7]->[f6]}]
SET_DATA[offset=0xec bytes=1016 changes={0x01d4:[f6]->[f5], 0x01d8:[f6]->[f5]}]
SET_DATA[offset=0xec bytes=1016 changes={0x01d4:[f5]->[f4], 0x01d8:[f5]->[f4]}]
SET_DATA[offset=0xec bytes=1016 changes={0x01d4:[f4]->[f3], 0x01d8:[f4]->[f3]}]
SET_DATA[offset=0xec bytes=1016 changes={0x01d4:[f3]->[f2], 0x01d8:[f3]->[f2]}]
SET_DATA[offset=0xec bytes=1016 changes={0x01d4:[f2]->[f1], 0x01d8:[f2]->[f1]}]
SET_DATA[offset=0xec bytes=1016 changes={0x01d4:[f1]->[f0], 0x01d8:[f1]->[f0]}]
SET_DATA[offset=0xec bytes=1016 changes={0x01d4:[f0]->[ef], 0x01d8:[f0]->[ef]}]
SET_DATA[offset=0xec bytes=1016 changes={0x01d4:[ef]->[ee], 0x01d8:[ef]->[ee]}]
SET_DATA[offset=0xec bytes=1016 changes={0x01d4:[ee]->[ed], 0x01d8:[ee]->[ed]}]
SET_DATA[offset=0xec bytes=1016 changes={0x01d4:[ed]->[ec], 0x01d8:[ed]->[ec]}]
SET_DATA[offset=0xec bytes=1016 changes={0x01d4:[ec]->[eb], 0x01d8:[ec]->[eb]}]
SET_DATA[offset=0xec bytes=1016 changes={0x01d4:[eb]->[ea], 0x01d8:[eb]->[ea]}]
SET_DATA[offset=0xec bytes=1016 changes={0x01d4:[ea]->[e9], 0x01d8:[ea]->[e9]}]
SET_DATA[offset=0xec bytes=1016 changes={0x01d4:[e9]->[e8], 0x01d8:[e9]->[e8]}]
SET_DATA[offset=0xec bytes=1016 changes={0x01d4:[e8]->[e7], 0x01d8:[e8]->[e7]}]
SET_DATA[offset=0xec bytes=1016 changes={0x01d4:[e7]->[e6], 0x01d8:[e7]->[e6]}]
SET_DATA[offset=0xec bytes=1016 changes={0x01d4:[e6]->[e5], 0x01d8:[e6]->[e5]}]
SET_DATA[offset=0xec bytes=1016 changes={0x01d4:[e5]->[e4], 0x01d8:[e5]->[e4]}]
SET_DATA[offset=0xec bytes=1016 changes={0x01d4:[e4]->[e3], 0x01d8:[e4]->[e3]}]
SET_DATA[offset=0xec bytes=1016 changes={0x01d4:[e3]->[e2], 0x01d8:[e3]->[e2]}]
SET_DATA[offset=0xec bytes=1016 changes={0x01d4:[e2]->[e1], 0x01d8:[e2]->[e1]}]
SET_DATA[offset=0xec bytes=1016 changes={0x01d4:[e1]->[e0], 0x01d8:[e1]->[e0]}]
SET_DATA[offset=0xec bytes=1016 changes={0x01d4:[e0]->[df], 0x01d8:[e0]->[df]}]
SET_DATA[offset=0xec bytes=1016 changes={0x01d4:[df]->[de], 0x01d8:[df]->[de]}]
SET_DATA[offset=0xec bytes=1016 changes={0x01d4:[de]->[dd], 0x01d8:[de]->[dd]}]
SET_DATA[offset=0xec bytes=1016 changes={0x01d4:[dd]->[dc], 0x01d8:[dd]->[dc]}]
SET_DATA[offset=0xec bytes=1016 changes={0x01d4:[dc]->[db], 0x01d8:[dc]->[db]}]
SET_DATA[offset=0xec bytes=1016 changes={0x01d4:[db]->[da], 0x01d8:[db]->[da]}]
SET_DATA[offset=0xec bytes=1016 changes={0x01d4:[da]->[d9], 0x01d8:[da]->[d9]}]
SET_DATA[offset=0xec bytes=1016 changes={0x01d4:[d9]->[d8], 0x01d8:[d9]->[d8]}]
SET_DATA[offset=0xec bytes=1016 changes={0x01d4:[d8]->[d7], 0x01d8:[d8]->[d7]}]
SET_DATA[offset=0xec bytes=1016 changes={0x01d4:[d7]->[d6], 0x01d8:[d7]->[d6]}]
SET_DATA[offset=0xec bytes=1016 changes={0x01d4:[d6]->[d5], 0x01d8:[d6]->[d5]}]
SET_DATA[offset=0xec bytes=1016 changes={0x01d4:[d5]->[d4], 0x01d8:[d5]->[d4]}]
SET_DATA[offset=0xec bytes=1016 changes={0x01d4:[d4]->[d2], 0x01d8:[d4]->[d2]}]
SET_DATA[offset=0xec bytes=1016 changes={0x01d4:[d2]->[d1], 0x01d8:[d2]->[d1]}]
SET_DATA[offset=0xec bytes=1016 changes={0x01d4:[d1]->[d0], 0x01d8:[d1]->[d0]}]
SET_DATA[offset=0xec bytes=1016 changes={0x01d4:[d0]->[cf], 0x01d8:[d0]->[cf]}]
SET_DATA[offset=0xec bytes=1016 changes={0x01d4:[cf]->[ce], 0x01d8:[cf]->[ce]}]
SET_DATA[offset=0xec bytes=1016 changes={0x01d4:[ce]->[cc], 0x01d8:[ce]->[cc]}]
SET_DATA[offset=0xec bytes=1016 changes={0x01d4:[cc]->[ca], 0x01d8:[cc]->[ca]}]
SET_DATA[offset=0xec bytes=1016 changes={0x01d4:[ca]->[c8], 0x01d8:[ca]->[c8]}]
SET_DATA[offset=0xec bytes=1016 changes={0x01d4:[c8]->[c7], 0x01d8:[c8]->[c7]}]
SET_DATA[offset=0xec bytes=1016 changes={0x01d4:[c7]->[c5], 0x01d8:[c7]->[c5]}]
SET_DATA[offset=0xec bytes=1016 changes={0x01d4:[c5]->[c3], 0x01d8:[c5]->[c3]}]
SET_DATA[offset=0xec bytes=1016 changes={0x01d4:[c3]->[c2], 0x01d8:[c3]->[c2]}]
SET_DATA[offset=0xec bytes=1016 changes={0x01d4:[c2]->[c0], 0x01d8:[c2]->[c0]}]
SET_DATA[offset=0xec bytes=1016 changes={0x01d4:[c0]->[bf], 0x01d8:[c0]->[bf]}]
SET_DATA[offset=0xec bytes=1016 changes={0x01d4:[bf]->[bd], 0x01d8:[bf]->[bd]}]
SET_DATA[offset=0xec bytes=1016 changes={0x01d4:[bd]->[bb], 0x01d8:[bd]->[bb]}]
SET_DATA[offset=0xec bytes=1016 changes={0x01d4:[bb]->[ba], 0x01d8:[bb]->[ba]}]
SET_DATA[offset=0xec bytes=1016 changes={0x01d4:[ba]->[b8], 0x01d8:[ba]->[b8]}]
SET_DATA[offset=0xec bytes=1016 changes={0x01d4:[b8]->[b4], 0x01d8:[b8]->[b4]}]
SET_DATA[offset=0xec bytes=1016 changes={0x01d4:[b4]->[b2], 0x01d8:[b4]->[b2]}]
SET_DATA[offset=0xec bytes=1016 changes={0x01d4:[b2]->[b1], 0x01d8:[b2]->[b1]}]
SET_DATA[offset=0xec bytes=1016 changes={0x01d4:[b1]->[af], 0x01d8:[b1]->[af]}]
SET_DATA[offset=0xec bytes=1016 changes={0x01d4:[af]->[ad], 0x01d8:[af]->[ad]}]
SET_DATA[offset=0xec bytes=1016 changes={0x01d4:[ad]->[aa], 0x01d8:[ad]->[aa]}]
SET_DATA[offset=0xec bytes=1016 changes={0x01d4:[aa]->[a8], 0x01d8:[aa]->[a8]}]
SET_DATA[offset=0xec bytes=1016 changes={0x01d4:[a8]->[a6], 0x01d8:[a8]->[a6]}]
SET_DATA[offset=0xec bytes=1016 changes={0x01d4:[a6]->[a4], 0x01d8:[a6]->[a4]}]
SET_DATA[offset=0xec bytes=1016 changes={0x01d4:[a4]->[a3], 0x01d8:[a4]->[a3]}]
SET_DATA[offset=0xec bytes=1016 changes={0x01d4:[a3]->[9f], 0x01d8:[a3]->[9f]}]
SET_DATA[offset=0xec bytes=1016 changes={0x01d4:[9f]->[9d], 0x01d8:[9f]->[9d]}]
SET_DATA[offset=0xec bytes=1016 changes={0x01d4:[9d]->[9b], 0x01d8:[9d]->[9b]}]
SET_DATA[offset=0xec bytes=1016 changes={0x01d4:[9b]->[99], 0x01d8:[9b]->[99]}]
SET_DATA[offset=0xec bytes=1016 changes={0x01d4:[99]->[97], 0x01d8:[99]->[97]}]
SET_DATA[offset=0xec bytes=1016 changes={0x01d4:[97]->[93], 0x01d8:[97]->[93]}]
SET_DATA[offset=0xec bytes=1016 changes={0x01d4:[93]->[91], 0x01d8:[93]->[91]}]
SET_DATA[offset=0xec bytes=1016 changes={0x01d4:[91]->[8f], 0x01d8:[91]->[8f]}]
SET_DATA[offset=0xec bytes=1016 changes={0x01d4:[8f]->[8c], 0x01d8:[8f]->[8c]}]
SET_DATA[offset=0xec bytes=1016 changes={0x01d4:[8c]->[8a], 0x01d8:[8c]->[8a]}]
SET_DATA[offset=0xec bytes=1016 changes={0x01d4:[8a]->[86], 0x01d8:[8a]->[86]}]
SET_DATA[offset=0xec bytes=1016 changes={0x01d4:[86]->[84], 0x01d8:[86]->[84]}]
SET_DATA[offset=0xec bytes=1016 changes={0x01d4:[84]->[81], 0x01d8:[84]->[81]}]

Outputs 9-10

SET_DATA[offset=0xec bytes=1016 changes={0x01dc:[00 00 00]->[ff ff 01], 0x01e0:[00 00 00]->[ff ff 01]}]
SET_DATA[offset=0xec bytes=1016 changes={0x01dc:[ff]->[fe], 0x01e0:[ff]->[fe]}]
SET_DATA[offset=0xec bytes=1016 changes={0x01dc:[fe]->[fd], 0x01e0:[fe]->[fd]}]
SET_DATA[offset=0xec bytes=1016 changes={0x01dc:[fd]->[fc], 0x01e0:[fd]->[fc]}]
SET_DATA[offset=0xec bytes=1016 changes={0x01dc:[fc]->[fb], 0x01e0:[fc]->[fb]}]
SET_DATA[offset=0xec bytes=1016 changes={0x01dc:[fb]->[fa], 0x01e0:[fb]->[fa]}]
SET_DATA[offset=0xec bytes=1016 changes={0x01dc:[fa]->[f9], 0x01e0:[fa]->[f9]}]
SET_DATA[offset=0xec bytes=1016 changes={0x01dc:[f9]->[f8], 0x01e0:[f9]->[f8]}]
SET_DATA[offset=0xec bytes=1016 changes={0x01dc:[f8]->[f7], 0x01e0:[f8]->[f7]}]
SET_DATA[offset=0xec bytes=1016 changes={0x01dc:[f7]->[f6], 0x01e0:[f7]->[f6]}]
SET_DATA[offset=0xec bytes=1016 changes={0x01dc:[f6]->[f5], 0x01e0:[f6]->[f5]}]
SET_DATA[offset=0xec bytes=1016 changes={0x01dc:[f5]->[f4], 0x01e0:[f5]->[f4]}]
SET_DATA[offset=0xec bytes=1016 changes={0x01dc:[f4]->[f3], 0x01e0:[f4]->[f3]}]
SET_DATA[offset=0xec bytes=1016 changes={0x01dc:[f3]->[f2], 0x01e0:[f3]->[f2]}]
SET_DATA[offset=0xec bytes=1016 changes={0x01dc:[f2]->[f1], 0x01e0:[f2]->[f1]}]
SET_DATA[offset=0xec bytes=1016 changes={0x01dc:[f1]->[f0], 0x01e0:[f1]->[f0]}]
SET_DATA[offset=0xec bytes=1016 changes={0x01dc:[f0]->[ef], 0x01e0:[f0]->[ef]}]
SET_DATA[offset=0xec bytes=1016 changes={0x01dc:[ef]->[ee], 0x01e0:[ef]->[ee]}]
SET_DATA[offset=0xec bytes=1016 changes={0x01dc:[ee]->[ed], 0x01e0:[ee]->[ed]}]
SET_DATA[offset=0xec bytes=1016 changes={0x01dc:[ed]->[ec], 0x01e0:[ed]->[ec]}]
SET_DATA[offset=0xec bytes=1016 changes={0x01dc:[ec]->[eb], 0x01e0:[ec]->[eb]}]
SET_DATA[offset=0xec bytes=1016 changes={0x01dc:[eb]->[ea], 0x01e0:[eb]->[ea]}]
SET_DATA[offset=0xec bytes=1016 changes={0x01dc:[ea]->[e9], 0x01e0:[ea]->[e9]}]
SET_DATA[offset=0xec bytes=1016 changes={0x01dc:[e9]->[e8], 0x01e0:[e9]->[e8]}]
SET_DATA[offset=0xec bytes=1016 changes={0x01dc:[e8]->[e7], 0x01e0:[e8]->[e7]}]
SET_DATA[offset=0xec bytes=1016 changes={0x01dc:[e7]->[e6], 0x01e0:[e7]->[e6]}]
SET_DATA[offset=0xec bytes=1016 changes={0x01dc:[e6]->[e5], 0x01e0:[e6]->[e5]}]
SET_DATA[offset=0xec bytes=1016 changes={0x01dc:[e5]->[e4], 0x01e0:[e5]->[e4]}]
SET_DATA[offset=0xec bytes=1016 changes={0x01dc:[e4]->[e3], 0x01e0:[e4]->[e3]}]
SET_DATA[offset=0xec bytes=1016 changes={0x01dc:[e3]->[e2], 0x01e0:[e3]->[e2]}]
SET_DATA[offset=0xec bytes=1016 changes={0x01dc:[e2]->[e1], 0x01e0:[e2]->[e1]}]
SET_DATA[offset=0xec bytes=1016 changes={0x01dc:[e1]->[e0], 0x01e0:[e1]->[e0]}]
SET_DATA[offset=0xec bytes=1016 changes={0x01dc:[e0]->[df], 0x01e0:[e0]->[df]}]
SET_DATA[offset=0xec bytes=1016 changes={0x01dc:[df]->[de], 0x01e0:[df]->[de]}]
SET_DATA[offset=0xec bytes=1016 changes={0x01dc:[de]->[dd], 0x01e0:[de]->[dd]}]
SET_DATA[offset=0xec bytes=1016 changes={0x01dc:[dd]->[dc], 0x01e0:[dd]->[dc]}]
SET_DATA[offset=0xec bytes=1016 changes={0x01dc:[dc]->[db], 0x01e0:[dc]->[db]}]
SET_DATA[offset=0xec bytes=1016 changes={0x01dc:[db]->[da], 0x01e0:[db]->[da]}]
SET_DATA[offset=0xec bytes=1016 changes={0x01dc:[da]->[d9], 0x01e0:[da]->[d9]}]
SET_DATA[offset=0xec bytes=1016 changes={0x01dc:[d9]->[d8], 0x01e0:[d9]->[d8]}]
SET_DATA[offset=0xec bytes=1016 changes={0x01dc:[d8]->[d7], 0x01e0:[d8]->[d7]}]
SET_DATA[offset=0xec bytes=1016 changes={0x01dc:[d7]->[d6], 0x01e0:[d7]->[d6]}]
SET_DATA[offset=0xec bytes=1016 changes={0x01dc:[d6]->[d5], 0x01e0:[d6]->[d5]}]
SET_DATA[offset=0xec bytes=1016 changes={0x01dc:[d5]->[d4], 0x01e0:[d5]->[d4]}]
SET_DATA[offset=0xec bytes=1016 changes={0x01dc:[d4]->[d2], 0x01e0:[d4]->[d2]}]
SET_DATA[offset=0xec bytes=1016 changes={0x01dc:[d2]->[d1], 0x01e0:[d2]->[d1]}]
SET_DATA[offset=0xec bytes=1016 changes={0x01dc:[d1]->[d0], 0x01e0:[d1]->[d0]}]
SET_DATA[offset=0xec bytes=1016 changes={0x01dc:[d0]->[cf], 0x01e0:[d0]->[cf]}]
SET_DATA[offset=0xec bytes=1016 changes={0x01dc:[cf]->[ce], 0x01e0:[cf]->[ce]}]
SET_DATA[offset=0xec bytes=1016 changes={0x01dc:[ce]->[cc], 0x01e0:[ce]->[cc]}]
SET_DATA[offset=0xec bytes=1016 changes={0x01dc:[cc]->[ca], 0x01e0:[cc]->[ca]}]
SET_DATA[offset=0xec bytes=1016 changes={0x01dc:[ca]->[c9], 0x01e0:[ca]->[c9]}]
SET_DATA[offset=0xec bytes=1016 changes={0x01dc:[c9]->[c8], 0x01e0:[c9]->[c8]}]
SET_DATA[offset=0xec bytes=1016 changes={0x01dc:[c8]->[c7], 0x01e0:[c8]->[c7]}]
SET_DATA[offset=0xec bytes=1016 changes={0x01dc:[c7]->[c5], 0x01e0:[c7]->[c5]}]
SET_DATA[offset=0xec bytes=1016 changes={0x01dc:[c5]->[c3], 0x01e0:[c5]->[c3]}]
SET_DATA[offset=0xec bytes=1016 changes={0x01dc:[c3]->[c2], 0x01e0:[c3]->[c2]}]
SET_DATA[offset=0xec bytes=1016 changes={0x01dc:[c2]->[c0], 0x01e0:[c2]->[c0]}]
SET_DATA[offset=0xec bytes=1016 changes={0x01dc:[c0]->[bf], 0x01e0:[c0]->[bf]}]
SET_DATA[offset=0xec bytes=1016 changes={0x01dc:[bf]->[bd], 0x01e0:[bf]->[bd]}]
SET_DATA[offset=0xec bytes=1016 changes={0x01dc:[bd]->[bb], 0x01e0:[bd]->[bb]}]
SET_DATA[offset=0xec bytes=1016 changes={0x01dc:[bb]->[ba], 0x01e0:[bb]->[ba]}]
SET_DATA[offset=0xec bytes=1016 changes={0x01dc:[ba]->[b8], 0x01e0:[ba]->[b8]}]
SET_DATA[offset=0xec bytes=1016 changes={0x01dc:[b8]->[b6], 0x01e0:[b8]->[b6]}]
SET_DATA[offset=0xec bytes=1016 changes={0x01dc:[b6]->[b4], 0x01e0:[b6]->[b4]}]
SET_DATA[offset=0xec bytes=1016 changes={0x01dc:[b4]->[b2], 0x01e0:[b4]->[b2]}]
SET_DATA[offset=0xec bytes=1016 changes={0x01dc:[b2]->[b1], 0x01e0:[b2]->[b1]}]
SET_DATA[offset=0xec bytes=1016 changes={0x01dc:[b1]->[ad], 0x01e0:[b1]->[ad]}]
SET_DATA[offset=0xec bytes=1016 changes={0x01dc:[ad]->[aa], 0x01e0:[ad]->[aa]}]
SET_DATA[offset=0xec bytes=1016 changes={0x01dc:[aa]->[a8], 0x01e0:[aa]->[a8]}]
SET_DATA[offset=0xec bytes=1016 changes={0x01dc:[a8]->[a6], 0x01e0:[a8]->[a6]}]
SET_DATA[offset=0xec bytes=1016 changes={0x01dc:[a6]->[a4], 0x01e0:[a6]->[a4]}]
SET_DATA[offset=0xec bytes=1016 changes={0x01dc:[a4]->[a3], 0x01e0:[a4]->[a3]}]
SET_DATA[offset=0xec bytes=1016 changes={0x01dc:[a3]->[9f], 0x01e0:[a3]->[9f]}]
SET_DATA[offset=0xec bytes=1016 changes={0x01dc:[9f]->[9d], 0x01e0:[9f]->[9d]}]
SET_DATA[offset=0xec bytes=1016 changes={0x01dc:[9d]->[9b], 0x01e0:[9d]->[9b]}]
SET_DATA[offset=0xec bytes=1016 changes={0x01dc:[9b]->[99], 0x01e0:[9b]->[99]}]
SET_DATA[offset=0xec bytes=1016 changes={0x01dc:[99]->[97], 0x01e0:[99]->[97]}]
SET_DATA[offset=0xec bytes=1016 changes={0x01dc:[97]->[93], 0x01e0:[97]->[93]}]
SET_DATA[offset=0xec bytes=1016 changes={0x01dc:[93]->[91], 0x01e0:[93]->[91]}]
SET_DATA[offset=0xec bytes=1016 changes={0x01dc:[91]->[8f], 0x01e0:[91]->[8f]}]
SET_DATA[offset=0xec bytes=1016 changes={0x01dc:[8f]->[8c], 0x01e0:[8f]->[8c]}]
SET_DATA[offset=0xec bytes=1016 changes={0x01dc:[8c]->[8a], 0x01e0:[8c]->[8a]}]
SET_DATA[offset=0xec bytes=1016 changes={0x01dc:[8a]->[86], 0x01e0:[8a]->[86]}]
SET_DATA[offset=0xec bytes=1016 changes={0x01dc:[86]->[84], 0x01e0:[86]->[84]}]
SET_DATA[offset=0xec bytes=1016 changes={0x01dc:[84]->[81], 0x01e0:[84]->[81]}]

