-------------------------------------------------------------------------------
Updating talkback settings via the UI

Software configuration space checksum changes are not listed in log

Scenario:
0. Initial settings:
  - Talkback source is set to 'Scarlett Internal Mic'
  - Talkback volume set to maximum
  - Talkback is disabled
1. Lower the talkback volume to minimum
2. Higher the talkbacak volume to maximum
3. Sequentially set talkback source to analog inputs 1-8
4. Sequentially set talkback source to ADAT 1.1-1-8
5. Set talkback source to 'Scarlett internal Mic'
6. Enable talkback
7. Disable talkback

-------------------------------------------------------------------------------

Lowering the talkback volume:

SET_DATA[offset=0xaf bytes=1 changes={0x00af:[00]->[01]}] 01 "."
FOCUSRITE_REQ[DATA_CMD size=4 seq=0x308 error=0 pad=0] 0a 00 00 00 "...."
SET_DATA[offset=0xaf bytes=1 changes={0x00af:[01]->[02]}] 02 "."
FOCUSRITE_REQ[DATA_CMD size=4 seq=0x308 error=0 pad=0] 0a 00 00 00 "...."
SET_DATA[offset=0xaf bytes=1 changes={0x00af:[02]->[03]}] 03 "."
FOCUSRITE_REQ[DATA_CMD size=4 seq=0x308 error=0 pad=0] 0a 00 00 00 "...."
SET_DATA[offset=0xaf bytes=1 changes={0x00af:[03]->[04]}] 04 "."
FOCUSRITE_REQ[DATA_CMD size=4 seq=0x308 error=0 pad=0] 0a 00 00 00 "...."
SET_DATA[offset=0xaf bytes=1 changes={0x00af:[04]->[05]}] 05 "."
FOCUSRITE_REQ[DATA_CMD size=4 seq=0x308 error=0 pad=0] 0a 00 00 00 "...."
SET_DATA[offset=0xaf bytes=1 changes={0x00af:[05]->[06]}] 06 "."
FOCUSRITE_REQ[DATA_CMD size=4 seq=0x308 error=0 pad=0] 0a 00 00 00 "...."
SET_DATA[offset=0xaf bytes=1 changes={0x00af:[06]->[07]}] 07 "."
FOCUSRITE_REQ[DATA_CMD size=4 seq=0x308 error=0 pad=0] 0a 00 00 00 "...."
SET_DATA[offset=0xaf bytes=1 changes={0x00af:[07]->[08]}] 08 "."
FOCUSRITE_REQ[DATA_CMD size=4 seq=0x308 error=0 pad=0] 0a 00 00 00 "...."
SET_DATA[offset=0xaf bytes=1 changes={0x00af:[08]->[09]}] 09 "."
FOCUSRITE_REQ[DATA_CMD size=4 seq=0x308 error=0 pad=0] 0a 00 00 00 "...."
SET_DATA[offset=0xaf bytes=1 changes={0x00af:[09]->[0a]}] 0a "."
FOCUSRITE_REQ[DATA_CMD size=4 seq=0x308 error=0 pad=0] 0a 00 00 00 "...."
SET_DATA[offset=0xaf bytes=1 changes={0x00af:[0a]->[0b]}] 0b "."
FOCUSRITE_REQ[DATA_CMD size=4 seq=0x308 error=0 pad=0] 0a 00 00 00 "...."
SET_DATA[offset=0xaf bytes=1 changes={0x00af:[0b]->[0c]}] 0c "."
FOCUSRITE_REQ[DATA_CMD size=4 seq=0x308 error=0 pad=0] 0a 00 00 00 "...."
SET_DATA[offset=0xaf bytes=1 changes={0x00af:[0c]->[0d]}] 0d "."
FOCUSRITE_REQ[DATA_CMD size=4 seq=0x308 error=0 pad=0] 0a 00 00 00 "...."
SET_DATA[offset=0xaf bytes=1 changes={0x00af:[0d]->[0e]}] 0e "."
FOCUSRITE_REQ[DATA_CMD size=4 seq=0x308 error=0 pad=0] 0a 00 00 00 "...."
SET_DATA[offset=0xaf bytes=1 changes={0x00af:[0e]->[0f]}] 0f "."
FOCUSRITE_REQ[DATA_CMD size=4 seq=0x308 error=0 pad=0] 0a 00 00 00 "...."
SET_DATA[offset=0xaf bytes=1 changes={0x00af:[0f]->[10]}] 10 "."
FOCUSRITE_REQ[DATA_CMD size=4 seq=0x308 error=0 pad=0] 0a 00 00 00 "...."
SET_DATA[offset=0xaf bytes=1 changes={0x00af:[10]->[11]}] 11 "."
FOCUSRITE_REQ[DATA_CMD size=4 seq=0x308 error=0 pad=0] 0a 00 00 00 "...."
SET_DATA[offset=0xaf bytes=1 changes={0x00af:[11]->[12]}] 12 "."
FOCUSRITE_REQ[DATA_CMD size=4 seq=0x308 error=0 pad=0] 0a 00 00 00 "...."
SET_DATA[offset=0xaf bytes=1 changes={0x00af:[12]->[13]}] 13 "."
FOCUSRITE_REQ[DATA_CMD size=4 seq=0x308 error=0 pad=0] 0a 00 00 00 "...."
SET_DATA[offset=0xaf bytes=1 changes={0x00af:[13]->[14]}] 14 "."
FOCUSRITE_REQ[DATA_CMD size=4 seq=0x308 error=0 pad=0] 0a 00 00 00 "...."
SET_DATA[offset=0xaf bytes=1 changes={0x00af:[14]->[15]}] 15 "."
FOCUSRITE_REQ[DATA_CMD size=4 seq=0x308 error=0 pad=0] 0a 00 00 00 "...."
SET_DATA[offset=0xaf bytes=1 changes={0x00af:[15]->[16]}] 16 "."
FOCUSRITE_REQ[DATA_CMD size=4 seq=0x308 error=0 pad=0] 0a 00 00 00 "...."
SET_DATA[offset=0xaf bytes=1 changes={0x00af:[16]->[17]}] 17 "."
FOCUSRITE_REQ[DATA_CMD size=4 seq=0x308 error=0 pad=0] 0a 00 00 00 "...."
SET_DATA[offset=0xaf bytes=1 changes={0x00af:[17]->[18]}] 18 "."
FOCUSRITE_REQ[DATA_CMD size=4 seq=0x308 error=0 pad=0] 0a 00 00 00 "...."
SET_DATA[offset=0xaf bytes=1 changes={0x00af:[18]->[19]}] 19 "."

Raising the talkback volume:

FOCUSRITE_REQ[DATA_CMD size=4 seq=0x308 error=0 pad=0] 0a 00 00 00 "...."
SET_DATA[offset=0xaf bytes=1 changes={0x00af:[19]->[18]}] 18 "."
FOCUSRITE_REQ[DATA_CMD size=4 seq=0x308 error=0 pad=0] 0a 00 00 00 "...."
SET_DATA[offset=0xaf bytes=1 changes={0x00af:[18]->[17]}] 17 "."
FOCUSRITE_REQ[DATA_CMD size=4 seq=0x308 error=0 pad=0] 0a 00 00 00 "...."
SET_DATA[offset=0xaf bytes=1 changes={0x00af:[17]->[16]}] 16 "."
FOCUSRITE_REQ[DATA_CMD size=4 seq=0x308 error=0 pad=0] 0a 00 00 00 "...."
SET_DATA[offset=0xaf bytes=1 changes={0x00af:[16]->[15]}] 15 "."
FOCUSRITE_REQ[DATA_CMD size=4 seq=0x308 error=0 pad=0] 0a 00 00 00 "...."
SET_DATA[offset=0xaf bytes=1 changes={0x00af:[15]->[14]}] 14 "."
FOCUSRITE_REQ[DATA_CMD size=4 seq=0x308 error=0 pad=0] 0a 00 00 00 "...."
SET_DATA[offset=0xaf bytes=1 changes={0x00af:[14]->[13]}] 13 "."
FOCUSRITE_REQ[DATA_CMD size=4 seq=0x308 error=0 pad=0] 0a 00 00 00 "...."
SET_DATA[offset=0xaf bytes=1 changes={0x00af:[13]->[12]}] 12 "."
FOCUSRITE_REQ[DATA_CMD size=4 seq=0x308 error=0 pad=0] 0a 00 00 00 "...."
SET_DATA[offset=0xaf bytes=1 changes={0x00af:[12]->[11]}] 11 "."
FOCUSRITE_REQ[DATA_CMD size=4 seq=0x308 error=0 pad=0] 0a 00 00 00 "...."
SET_DATA[offset=0xaf bytes=1 changes={0x00af:[11]->[10]}] 10 "."
FOCUSRITE_REQ[DATA_CMD size=4 seq=0x308 error=0 pad=0] 0a 00 00 00 "...."
SET_DATA[offset=0xaf bytes=1 changes={0x00af:[10]->[0f]}] 0f "."
FOCUSRITE_REQ[DATA_CMD size=4 seq=0x308 error=0 pad=0] 0a 00 00 00 "...."
SET_DATA[offset=0xaf bytes=1 changes={0x00af:[0f]->[0e]}] 0e "."
FOCUSRITE_REQ[DATA_CMD size=4 seq=0x308 error=0 pad=0] 0a 00 00 00 "...."
SET_DATA[offset=0xaf bytes=1 changes={0x00af:[0e]->[0d]}] 0d "."
FOCUSRITE_REQ[DATA_CMD size=4 seq=0x308 error=0 pad=0] 0a 00 00 00 "...."
SET_DATA[offset=0xaf bytes=1 changes={0x00af:[0d]->[0c]}] 0c "."
FOCUSRITE_REQ[DATA_CMD size=4 seq=0x308 error=0 pad=0] 0a 00 00 00 "...."
SET_DATA[offset=0xaf bytes=1 changes={0x00af:[0c]->[0b]}] 0b "."
FOCUSRITE_REQ[DATA_CMD size=4 seq=0x308 error=0 pad=0] 0a 00 00 00 "...."
SET_DATA[offset=0xaf bytes=1 changes={0x00af:[0b]->[0a]}] 0a "."
FOCUSRITE_REQ[DATA_CMD size=4 seq=0x308 error=0 pad=0] 0a 00 00 00 "...."
SET_DATA[offset=0xaf bytes=1 changes={0x00af:[0a]->[09]}] 09 "."
FOCUSRITE_REQ[DATA_CMD size=4 seq=0x308 error=0 pad=0] 0a 00 00 00 "...."
SET_DATA[offset=0xaf bytes=1 changes={0x00af:[09]->[08]}] 08 "."
FOCUSRITE_REQ[DATA_CMD size=4 seq=0x308 error=0 pad=0] 0a 00 00 00 "...."
SET_DATA[offset=0xaf bytes=1 changes={0x00af:[08]->[07]}] 07 "."
FOCUSRITE_REQ[DATA_CMD size=4 seq=0x308 error=0 pad=0] 0a 00 00 00 "...."
SET_DATA[offset=0xaf bytes=1 changes={0x00af:[07]->[06]}] 06 "."
FOCUSRITE_REQ[DATA_CMD size=4 seq=0x308 error=0 pad=0] 0a 00 00 00 "...."
SET_DATA[offset=0xaf bytes=1 changes={0x00af:[06]->[05]}] 05 "."
FOCUSRITE_REQ[DATA_CMD size=4 seq=0x308 error=0 pad=0] 0a 00 00 00 "...."
SET_DATA[offset=0xaf bytes=1 changes={0x00af:[05]->[04]}] 04 "."
FOCUSRITE_REQ[DATA_CMD size=4 seq=0x308 error=0 pad=0] 0a 00 00 00 "...."
SET_DATA[offset=0xaf bytes=1 changes={0x00af:[04]->[03]}] 03 "."
FOCUSRITE_REQ[DATA_CMD size=4 seq=0x308 error=0 pad=0] 0a 00 00 00 "...."
SET_DATA[offset=0xaf bytes=1 changes={0x00af:[03]->[02]}] 02 "."
FOCUSRITE_REQ[DATA_CMD size=4 seq=0x308 error=0 pad=0] 0a 00 00 00 "...."
SET_DATA[offset=0xaf bytes=1 changes={0x00af:[02]->[01]}] 01 "."
FOCUSRITE_REQ[DATA_CMD size=4 seq=0x308 error=0 pad=0] 0a 00 00 00 "...."
SET_DATA[offset=0xaf bytes=1 changes={0x00af:[01]->[00]}] 00 "."
FOCUSRITE_REQ[DATA_CMD size=4 seq=0x308 error=0 pad=0] 0a 00 00 00 "...."

Sequentially set talkback source to analog inputs 1-8:

SET_MUX[mux=0, count=77, [idx]:src:dst={ [000]:ANALOG-0:PCM-0 [001]:ANALOG-1:PCM-1 [002]:ANALOG-2:PCM-2 [003]:ANALOG-3:PCM-3 [004]:ANALOG-4:PCM-4 [005]:ANALOG-5:PCM-5 [006]:ANALOG-6:PCM-6 [007]:ANALOG-7:PCM-7 [008]:SPDIF-0:PCM-10 [009]:SPDIF-1:PCM-11 [010]:ADAT-0:PCM-12 [011]:ADAT-1:PCM-13 [012]:ADAT-2:PCM-14 [013]:ADAT-3:PCM-15 [014]:ADAT-4:PCM-16 [015]:ADAT-5:PCM-17 [016]:ADAT-6:PCM-18 [017]:ADAT-7:PCM-19 [018]:OFF-0:ANALOG-0 [019]:OFF-0:ANALOG-1 [020]:OFF-0:ANALOG-2 [021]:OFF-0:ANALOG-3 [022]:PCM-4:ANALOG-4 [023]:PCM-5:ANALOG-5 [024]:PCM-6:ANALOG-6 [025]:PCM-7:ANALOG-7 [026]:PCM-8:ANALOG-8 [027]:PCM-9:ANALOG-9 [028]:PCM-10:SPDIF-0 [029]:PCM-11:SPDIF-1 [030]:PCM-12:ADAT-0 [031]:PCM-13:ADAT-1 [032]:PCM-14:ADAT-2 [033]:PCM-15:ADAT-3 [034]:PCM-14:ADAT-4 [035]:PCM-15:ADAT-5 [036]:PCM-18:ADAT-6 [037]:PCM-19:ADAT-7 [038]:PCM-0:PCM-8 [039]:PCM-1:PCM-9 [040]:ANALOG-0:MIX-0 [041]:ANALOG-1:MIX-1 [042]:OFF-0:MIX-2 [043]:OFF-0:MIX-3 [044]:ANALOG-2:MIX-4 [045]:ANALOG-3:MIX-5 [046]:ANALOG-4:MIX-6 [047]:ANALOG-5:MIX-7 [048]:ANALOG-6:MIX-8 [049]:ANALOG-7:MIX-9 [050]:SPDIF-0:MIX-10 [051]:SPDIF-1:MIX-11 [052]:ADAT-0:MIX-12 [053]:ADAT-1:MIX-13 [054]:ADAT-2:MIX-14 [055]:ADAT-3:MIX-15 [056]:ADAT-4:MIX-16 [057]:ADAT-5:MIX-17 [058]:ADAT-6:MIX-18 [059]:ADAT-7:MIX-19 [060]:OFF-0:MIX-20 [061]:OFF-0:MIX-21 [062]:PCM-0:MIX-22 [063]:PCM-1:MIX-23 [064]:ANALOG-0:MIX-24 [065]:OFF-0:OFF-0 [066]:OFF-0:OFF-0 [067]:OFF-0:OFF-0 [068]:OFF-0:OFF-0 [069]:OFF-0:OFF-0 [070]:OFF-0:OFF-0 [071]:OFF-0:OFF-0 [072]:OFF-0:OFF-0 [073]:OFF-0:OFF-0 [074]:OFF-0:OFF-0 [075]:OFF-0:OFF-0 [076]:OFF-0:OFF-0 }] ""
SET_MUX[mux=1, count=73, [idx]:src:dst={ [000]:ANALOG-0:PCM-0 [001]:ANALOG-1:PCM-1 [002]:ANALOG-2:PCM-2 [003]:ANALOG-3:PCM-3 [004]:ANALOG-4:PCM-4 [005]:ANALOG-5:PCM-5 [006]:ANALOG-6:PCM-6 [007]:ANALOG-7:PCM-7 [008]:SPDIF-0:PCM-10 [009]:SPDIF-1:PCM-11 [010]:ADAT-0:PCM-12 [011]:ADAT-1:PCM-13 [012]:ADAT-2:PCM-14 [013]:ADAT-3:PCM-15 [014]:OFF-0:PCM-16 [015]:OFF-0:PCM-17 [016]:OFF-0:ANALOG-0 [017]:OFF-0:ANALOG-1 [018]:OFF-0:ANALOG-2 [019]:OFF-0:ANALOG-3 [020]:PCM-4:ANALOG-4 [021]:PCM-5:ANALOG-5 [022]:PCM-6:ANALOG-6 [023]:PCM-7:ANALOG-7 [024]:PCM-8:ANALOG-8 [025]:PCM-9:ANALOG-9 [026]:PCM-10:SPDIF-0 [027]:PCM-11:SPDIF-1 [028]:PCM-12:ADAT-0 [029]:PCM-13:ADAT-1 [030]:PCM-14:ADAT-2 [031]:PCM-15:ADAT-3 [032]:PCM-0:ADAT-4 [033]:PCM-1:ADAT-5 [034]:PCM-0:ADAT-6 [035]:PCM-1:ADAT-7 [036]:PCM-0:PCM-8 [037]:PCM-1:PCM-9 [038]:ANALOG-0:MIX-0 [039]:ANALOG-1:MIX-1 [040]:ADAT-4:MIX-2 [041]:ADAT-5:MIX-3 [042]:ANALOG-2:MIX-4 [043]:ANALOG-3:MIX-5 [044]:ANALOG-4:MIX-6 [045]:ANALOG-5:MIX-7 [046]:ANALOG-6:MIX-8 [047]:ANALOG-7:MIX-9 [048]:SPDIF-0:MIX-10 [049]:SPDIF-1:MIX-11 [050]:ADAT-0:MIX-12 [051]:ADAT-1:MIX-13 [052]:ADAT-2:MIX-14 [053]:ADAT-3:MIX-15 [054]:OFF-0:MIX-16 [055]:OFF-0:MIX-17 [056]:OFF-0:MIX-18 [057]:OFF-0:MIX-19 [058]:ADAT-6:MIX-20 [059]:ADAT-7:MIX-21 [060]:PCM-0:MIX-22 [061]:PCM-1:MIX-23 [062]:ANALOG-0:MIX-24 [063]:OFF-0:OFF-0 [064]:OFF-0:OFF-0 [065]:OFF-0:OFF-0 [066]:OFF-0:OFF-0 [067]:OFF-0:OFF-0 [068]:OFF-0:OFF-0 [069]:OFF-0:OFF-0 [070]:OFF-0:OFF-0 [071]:OFF-0:OFF-0 [072]:OFF-0:OFF-0 }] ""

SET_MUX[mux=0, count=77, [idx]:src:dst={ [000]:ANALOG-0:PCM-0 [001]:ANALOG-1:PCM-1 [002]:ANALOG-2:PCM-2 [003]:ANALOG-3:PCM-3 [004]:ANALOG-4:PCM-4 [005]:ANALOG-5:PCM-5 [006]:ANALOG-6:PCM-6 [007]:ANALOG-7:PCM-7 [008]:SPDIF-0:PCM-10 [009]:SPDIF-1:PCM-11 [010]:ADAT-0:PCM-12 [011]:ADAT-1:PCM-13 [012]:ADAT-2:PCM-14 [013]:ADAT-3:PCM-15 [014]:ADAT-4:PCM-16 [015]:ADAT-5:PCM-17 [016]:ADAT-6:PCM-18 [017]:ADAT-7:PCM-19 [018]:OFF-0:ANALOG-0 [019]:OFF-0:ANALOG-1 [020]:OFF-0:ANALOG-2 [021]:OFF-0:ANALOG-3 [022]:PCM-4:ANALOG-4 [023]:PCM-5:ANALOG-5 [024]:PCM-6:ANALOG-6 [025]:PCM-7:ANALOG-7 [026]:PCM-8:ANALOG-8 [027]:PCM-9:ANALOG-9 [028]:PCM-10:SPDIF-0 [029]:PCM-11:SPDIF-1 [030]:PCM-12:ADAT-0 [031]:PCM-13:ADAT-1 [032]:PCM-14:ADAT-2 [033]:PCM-15:ADAT-3 [034]:PCM-14:ADAT-4 [035]:PCM-15:ADAT-5 [036]:PCM-18:ADAT-6 [037]:PCM-19:ADAT-7 [038]:PCM-0:PCM-8 [039]:PCM-1:PCM-9 [040]:ANALOG-0:MIX-0 [041]:ANALOG-1:MIX-1 [042]:OFF-0:MIX-2 [043]:OFF-0:MIX-3 [044]:ANALOG-2:MIX-4 [045]:ANALOG-3:MIX-5 [046]:ANALOG-4:MIX-6 [047]:ANALOG-5:MIX-7 [048]:ANALOG-6:MIX-8 [049]:ANALOG-7:MIX-9 [050]:SPDIF-0:MIX-10 [051]:SPDIF-1:MIX-11 [052]:ADAT-0:MIX-12 [053]:ADAT-1:MIX-13 [054]:ADAT-2:MIX-14 [055]:ADAT-3:MIX-15 [056]:ADAT-4:MIX-16 [057]:ADAT-5:MIX-17 [058]:ADAT-6:MIX-18 [059]:ADAT-7:MIX-19 [060]:OFF-0:MIX-20 [061]:OFF-0:MIX-21 [062]:PCM-0:MIX-22 [063]:PCM-1:MIX-23 [064]:ANALOG-1:MIX-24 [065]:OFF-0:OFF-0 [066]:OFF-0:OFF-0 [067]:OFF-0:OFF-0 [068]:OFF-0:OFF-0 [069]:OFF-0:OFF-0 [070]:OFF-0:OFF-0 [071]:OFF-0:OFF-0 [072]:OFF-0:OFF-0 [073]:OFF-0:OFF-0 [074]:OFF-0:OFF-0 [075]:OFF-0:OFF-0 [076]:OFF-0:OFF-0 }] ""
SET_MUX[mux=1, count=73, [idx]:src:dst={ [000]:ANALOG-0:PCM-0 [001]:ANALOG-1:PCM-1 [002]:ANALOG-2:PCM-2 [003]:ANALOG-3:PCM-3 [004]:ANALOG-4:PCM-4 [005]:ANALOG-5:PCM-5 [006]:ANALOG-6:PCM-6 [007]:ANALOG-7:PCM-7 [008]:SPDIF-0:PCM-10 [009]:SPDIF-1:PCM-11 [010]:ADAT-0:PCM-12 [011]:ADAT-1:PCM-13 [012]:ADAT-2:PCM-14 [013]:ADAT-3:PCM-15 [014]:OFF-0:PCM-16 [015]:OFF-0:PCM-17 [016]:OFF-0:ANALOG-0 [017]:OFF-0:ANALOG-1 [018]:OFF-0:ANALOG-2 [019]:OFF-0:ANALOG-3 [020]:PCM-4:ANALOG-4 [021]:PCM-5:ANALOG-5 [022]:PCM-6:ANALOG-6 [023]:PCM-7:ANALOG-7 [024]:PCM-8:ANALOG-8 [025]:PCM-9:ANALOG-9 [026]:PCM-10:SPDIF-0 [027]:PCM-11:SPDIF-1 [028]:PCM-12:ADAT-0 [029]:PCM-13:ADAT-1 [030]:PCM-14:ADAT-2 [031]:PCM-15:ADAT-3 [032]:PCM-0:ADAT-4 [033]:PCM-1:ADAT-5 [034]:PCM-0:ADAT-6 [035]:PCM-1:ADAT-7 [036]:PCM-0:PCM-8 [037]:PCM-1:PCM-9 [038]:ANALOG-0:MIX-0 [039]:ANALOG-1:MIX-1 [040]:ADAT-4:MIX-2 [041]:ADAT-5:MIX-3 [042]:ANALOG-2:MIX-4 [043]:ANALOG-3:MIX-5 [044]:ANALOG-4:MIX-6 [045]:ANALOG-5:MIX-7 [046]:ANALOG-6:MIX-8 [047]:ANALOG-7:MIX-9 [048]:SPDIF-0:MIX-10 [049]:SPDIF-1:MIX-11 [050]:ADAT-0:MIX-12 [051]:ADAT-1:MIX-13 [052]:ADAT-2:MIX-14 [053]:ADAT-3:MIX-15 [054]:OFF-0:MIX-16 [055]:OFF-0:MIX-17 [056]:OFF-0:MIX-18 [057]:OFF-0:MIX-19 [058]:ADAT-6:MIX-20 [059]:ADAT-7:MIX-21 [060]:PCM-0:MIX-22 [061]:PCM-1:MIX-23 [062]:ANALOG-1:MIX-24 [063]:OFF-0:OFF-0 [064]:OFF-0:OFF-0 [065]:OFF-0:OFF-0 [066]:OFF-0:OFF-0 [067]:OFF-0:OFF-0 [068]:OFF-0:OFF-0 [069]:OFF-0:OFF-0 [070]:OFF-0:OFF-0 [071]:OFF-0:OFF-0 [072]:OFF-0:OFF-0 }] ""

SET_MUX[mux=0, count=77, [idx]:src:dst={ [000]:ANALOG-0:PCM-0 [001]:ANALOG-1:PCM-1 [002]:ANALOG-2:PCM-2 [003]:ANALOG-3:PCM-3 [004]:ANALOG-4:PCM-4 [005]:ANALOG-5:PCM-5 [006]:ANALOG-6:PCM-6 [007]:ANALOG-7:PCM-7 [008]:SPDIF-0:PCM-10 [009]:SPDIF-1:PCM-11 [010]:ADAT-0:PCM-12 [011]:ADAT-1:PCM-13 [012]:ADAT-2:PCM-14 [013]:ADAT-3:PCM-15 [014]:ADAT-4:PCM-16 [015]:ADAT-5:PCM-17 [016]:ADAT-6:PCM-18 [017]:ADAT-7:PCM-19 [018]:OFF-0:ANALOG-0 [019]:OFF-0:ANALOG-1 [020]:OFF-0:ANALOG-2 [021]:OFF-0:ANALOG-3 [022]:PCM-4:ANALOG-4 [023]:PCM-5:ANALOG-5 [024]:PCM-6:ANALOG-6 [025]:PCM-7:ANALOG-7 [026]:PCM-8:ANALOG-8 [027]:PCM-9:ANALOG-9 [028]:PCM-10:SPDIF-0 [029]:PCM-11:SPDIF-1 [030]:PCM-12:ADAT-0 [031]:PCM-13:ADAT-1 [032]:PCM-14:ADAT-2 [033]:PCM-15:ADAT-3 [034]:PCM-14:ADAT-4 [035]:PCM-15:ADAT-5 [036]:PCM-18:ADAT-6 [037]:PCM-19:ADAT-7 [038]:PCM-0:PCM-8 [039]:PCM-1:PCM-9 [040]:ANALOG-0:MIX-0 [041]:ANALOG-1:MIX-1 [042]:OFF-0:MIX-2 [043]:OFF-0:MIX-3 [044]:ANALOG-2:MIX-4 [045]:ANALOG-3:MIX-5 [046]:ANALOG-4:MIX-6 [047]:ANALOG-5:MIX-7 [048]:ANALOG-6:MIX-8 [049]:ANALOG-7:MIX-9 [050]:SPDIF-0:MIX-10 [051]:SPDIF-1:MIX-11 [052]:ADAT-0:MIX-12 [053]:ADAT-1:MIX-13 [054]:ADAT-2:MIX-14 [055]:ADAT-3:MIX-15 [056]:ADAT-4:MIX-16 [057]:ADAT-5:MIX-17 [058]:ADAT-6:MIX-18 [059]:ADAT-7:MIX-19 [060]:OFF-0:MIX-20 [061]:OFF-0:MIX-21 [062]:PCM-0:MIX-22 [063]:PCM-1:MIX-23 [064]:ANALOG-2:MIX-24 [065]:OFF-0:OFF-0 [066]:OFF-0:OFF-0 [067]:OFF-0:OFF-0 [068]:OFF-0:OFF-0 [069]:OFF-0:OFF-0 [070]:OFF-0:OFF-0 [071]:OFF-0:OFF-0 [072]:OFF-0:OFF-0 [073]:OFF-0:OFF-0 [074]:OFF-0:OFF-0 [075]:OFF-0:OFF-0 [076]:OFF-0:OFF-0 }] ""
SET_MUX[mux=1, count=73, [idx]:src:dst={ [000]:ANALOG-0:PCM-0 [001]:ANALOG-1:PCM-1 [002]:ANALOG-2:PCM-2 [003]:ANALOG-3:PCM-3 [004]:ANALOG-4:PCM-4 [005]:ANALOG-5:PCM-5 [006]:ANALOG-6:PCM-6 [007]:ANALOG-7:PCM-7 [008]:SPDIF-0:PCM-10 [009]:SPDIF-1:PCM-11 [010]:ADAT-0:PCM-12 [011]:ADAT-1:PCM-13 [012]:ADAT-2:PCM-14 [013]:ADAT-3:PCM-15 [014]:OFF-0:PCM-16 [015]:OFF-0:PCM-17 [016]:OFF-0:ANALOG-0 [017]:OFF-0:ANALOG-1 [018]:OFF-0:ANALOG-2 [019]:OFF-0:ANALOG-3 [020]:PCM-4:ANALOG-4 [021]:PCM-5:ANALOG-5 [022]:PCM-6:ANALOG-6 [023]:PCM-7:ANALOG-7 [024]:PCM-8:ANALOG-8 [025]:PCM-9:ANALOG-9 [026]:PCM-10:SPDIF-0 [027]:PCM-11:SPDIF-1 [028]:PCM-12:ADAT-0 [029]:PCM-13:ADAT-1 [030]:PCM-14:ADAT-2 [031]:PCM-15:ADAT-3 [032]:PCM-0:ADAT-4 [033]:PCM-1:ADAT-5 [034]:PCM-0:ADAT-6 [035]:PCM-1:ADAT-7 [036]:PCM-0:PCM-8 [037]:PCM-1:PCM-9 [038]:ANALOG-0:MIX-0 [039]:ANALOG-1:MIX-1 [040]:ADAT-4:MIX-2 [041]:ADAT-5:MIX-3 [042]:ANALOG-2:MIX-4 [043]:ANALOG-3:MIX-5 [044]:ANALOG-4:MIX-6 [045]:ANALOG-5:MIX-7 [046]:ANALOG-6:MIX-8 [047]:ANALOG-7:MIX-9 [048]:SPDIF-0:MIX-10 [049]:SPDIF-1:MIX-11 [050]:ADAT-0:MIX-12 [051]:ADAT-1:MIX-13 [052]:ADAT-2:MIX-14 [053]:ADAT-3:MIX-15 [054]:OFF-0:MIX-16 [055]:OFF-0:MIX-17 [056]:OFF-0:MIX-18 [057]:OFF-0:MIX-19 [058]:ADAT-6:MIX-20 [059]:ADAT-7:MIX-21 [060]:PCM-0:MIX-22 [061]:PCM-1:MIX-23 [062]:ANALOG-2:MIX-24 [063]:OFF-0:OFF-0 [064]:OFF-0:OFF-0 [065]:OFF-0:OFF-0 [066]:OFF-0:OFF-0 [067]:OFF-0:OFF-0 [068]:OFF-0:OFF-0 [069]:OFF-0:OFF-0 [070]:OFF-0:OFF-0 [071]:OFF-0:OFF-0 [072]:OFF-0:OFF-0 }] ""

SET_MUX[mux=0, count=77, [idx]:src:dst={ [000]:ANALOG-0:PCM-0 [001]:ANALOG-1:PCM-1 [002]:ANALOG-2:PCM-2 [003]:ANALOG-3:PCM-3 [004]:ANALOG-4:PCM-4 [005]:ANALOG-5:PCM-5 [006]:ANALOG-6:PCM-6 [007]:ANALOG-7:PCM-7 [008]:SPDIF-0:PCM-10 [009]:SPDIF-1:PCM-11 [010]:ADAT-0:PCM-12 [011]:ADAT-1:PCM-13 [012]:ADAT-2:PCM-14 [013]:ADAT-3:PCM-15 [014]:ADAT-4:PCM-16 [015]:ADAT-5:PCM-17 [016]:ADAT-6:PCM-18 [017]:ADAT-7:PCM-19 [018]:OFF-0:ANALOG-0 [019]:OFF-0:ANALOG-1 [020]:OFF-0:ANALOG-2 [021]:OFF-0:ANALOG-3 [022]:PCM-4:ANALOG-4 [023]:PCM-5:ANALOG-5 [024]:PCM-6:ANALOG-6 [025]:PCM-7:ANALOG-7 [026]:PCM-8:ANALOG-8 [027]:PCM-9:ANALOG-9 [028]:PCM-10:SPDIF-0 [029]:PCM-11:SPDIF-1 [030]:PCM-12:ADAT-0 [031]:PCM-13:ADAT-1 [032]:PCM-14:ADAT-2 [033]:PCM-15:ADAT-3 [034]:PCM-14:ADAT-4 [035]:PCM-15:ADAT-5 [036]:PCM-18:ADAT-6 [037]:PCM-19:ADAT-7 [038]:PCM-0:PCM-8 [039]:PCM-1:PCM-9 [040]:ANALOG-0:MIX-0 [041]:ANALOG-1:MIX-1 [042]:OFF-0:MIX-2 [043]:OFF-0:MIX-3 [044]:ANALOG-2:MIX-4 [045]:ANALOG-3:MIX-5 [046]:ANALOG-4:MIX-6 [047]:ANALOG-5:MIX-7 [048]:ANALOG-6:MIX-8 [049]:ANALOG-7:MIX-9 [050]:SPDIF-0:MIX-10 [051]:SPDIF-1:MIX-11 [052]:ADAT-0:MIX-12 [053]:ADAT-1:MIX-13 [054]:ADAT-2:MIX-14 [055]:ADAT-3:MIX-15 [056]:ADAT-4:MIX-16 [057]:ADAT-5:MIX-17 [058]:ADAT-6:MIX-18 [059]:ADAT-7:MIX-19 [060]:OFF-0:MIX-20 [061]:OFF-0:MIX-21 [062]:PCM-0:MIX-22 [063]:PCM-1:MIX-23 [064]:ANALOG-3:MIX-24 [065]:OFF-0:OFF-0 [066]:OFF-0:OFF-0 [067]:OFF-0:OFF-0 [068]:OFF-0:OFF-0 [069]:OFF-0:OFF-0 [070]:OFF-0:OFF-0 [071]:OFF-0:OFF-0 [072]:OFF-0:OFF-0 [073]:OFF-0:OFF-0 [074]:OFF-0:OFF-0 [075]:OFF-0:OFF-0 [076]:OFF-0:OFF-0 }] ""
SET_MUX[mux=1, count=73, [idx]:src:dst={ [000]:ANALOG-0:PCM-0 [001]:ANALOG-1:PCM-1 [002]:ANALOG-2:PCM-2 [003]:ANALOG-3:PCM-3 [004]:ANALOG-4:PCM-4 [005]:ANALOG-5:PCM-5 [006]:ANALOG-6:PCM-6 [007]:ANALOG-7:PCM-7 [008]:SPDIF-0:PCM-10 [009]:SPDIF-1:PCM-11 [010]:ADAT-0:PCM-12 [011]:ADAT-1:PCM-13 [012]:ADAT-2:PCM-14 [013]:ADAT-3:PCM-15 [014]:OFF-0:PCM-16 [015]:OFF-0:PCM-17 [016]:OFF-0:ANALOG-0 [017]:OFF-0:ANALOG-1 [018]:OFF-0:ANALOG-2 [019]:OFF-0:ANALOG-3 [020]:PCM-4:ANALOG-4 [021]:PCM-5:ANALOG-5 [022]:PCM-6:ANALOG-6 [023]:PCM-7:ANALOG-7 [024]:PCM-8:ANALOG-8 [025]:PCM-9:ANALOG-9 [026]:PCM-10:SPDIF-0 [027]:PCM-11:SPDIF-1 [028]:PCM-12:ADAT-0 [029]:PCM-13:ADAT-1 [030]:PCM-14:ADAT-2 [031]:PCM-15:ADAT-3 [032]:PCM-0:ADAT-4 [033]:PCM-1:ADAT-5 [034]:PCM-0:ADAT-6 [035]:PCM-1:ADAT-7 [036]:PCM-0:PCM-8 [037]:PCM-1:PCM-9 [038]:ANALOG-0:MIX-0 [039]:ANALOG-1:MIX-1 [040]:ADAT-4:MIX-2 [041]:ADAT-5:MIX-3 [042]:ANALOG-2:MIX-4 [043]:ANALOG-3:MIX-5 [044]:ANALOG-4:MIX-6 [045]:ANALOG-5:MIX-7 [046]:ANALOG-6:MIX-8 [047]:ANALOG-7:MIX-9 [048]:SPDIF-0:MIX-10 [049]:SPDIF-1:MIX-11 [050]:ADAT-0:MIX-12 [051]:ADAT-1:MIX-13 [052]:ADAT-2:MIX-14 [053]:ADAT-3:MIX-15 [054]:OFF-0:MIX-16 [055]:OFF-0:MIX-17 [056]:OFF-0:MIX-18 [057]:OFF-0:MIX-19 [058]:ADAT-6:MIX-20 [059]:ADAT-7:MIX-21 [060]:PCM-0:MIX-22 [061]:PCM-1:MIX-23 [062]:ANALOG-3:MIX-24 [063]:OFF-0:OFF-0 [064]:OFF-0:OFF-0 [065]:OFF-0:OFF-0 [066]:OFF-0:OFF-0 [067]:OFF-0:OFF-0 [068]:OFF-0:OFF-0 [069]:OFF-0:OFF-0 [070]:OFF-0:OFF-0 [071]:OFF-0:OFF-0 [072]:OFF-0:OFF-0 }] ""

SET_MUX[mux=0, count=77, [idx]:src:dst={ [000]:ANALOG-0:PCM-0 [001]:ANALOG-1:PCM-1 [002]:ANALOG-2:PCM-2 [003]:ANALOG-3:PCM-3 [004]:ANALOG-4:PCM-4 [005]:ANALOG-5:PCM-5 [006]:ANALOG-6:PCM-6 [007]:ANALOG-7:PCM-7 [008]:SPDIF-0:PCM-10 [009]:SPDIF-1:PCM-11 [010]:ADAT-0:PCM-12 [011]:ADAT-1:PCM-13 [012]:ADAT-2:PCM-14 [013]:ADAT-3:PCM-15 [014]:ADAT-4:PCM-16 [015]:ADAT-5:PCM-17 [016]:ADAT-6:PCM-18 [017]:ADAT-7:PCM-19 [018]:OFF-0:ANALOG-0 [019]:OFF-0:ANALOG-1 [020]:OFF-0:ANALOG-2 [021]:OFF-0:ANALOG-3 [022]:PCM-4:ANALOG-4 [023]:PCM-5:ANALOG-5 [024]:PCM-6:ANALOG-6 [025]:PCM-7:ANALOG-7 [026]:PCM-8:ANALOG-8 [027]:PCM-9:ANALOG-9 [028]:PCM-10:SPDIF-0 [029]:PCM-11:SPDIF-1 [030]:PCM-12:ADAT-0 [031]:PCM-13:ADAT-1 [032]:PCM-14:ADAT-2 [033]:PCM-15:ADAT-3 [034]:PCM-14:ADAT-4 [035]:PCM-15:ADAT-5 [036]:PCM-18:ADAT-6 [037]:PCM-19:ADAT-7 [038]:PCM-0:PCM-8 [039]:PCM-1:PCM-9 [040]:ANALOG-0:MIX-0 [041]:ANALOG-1:MIX-1 [042]:OFF-0:MIX-2 [043]:OFF-0:MIX-3 [044]:ANALOG-2:MIX-4 [045]:ANALOG-3:MIX-5 [046]:ANALOG-4:MIX-6 [047]:ANALOG-5:MIX-7 [048]:ANALOG-6:MIX-8 [049]:ANALOG-7:MIX-9 [050]:SPDIF-0:MIX-10 [051]:SPDIF-1:MIX-11 [052]:ADAT-0:MIX-12 [053]:ADAT-1:MIX-13 [054]:ADAT-2:MIX-14 [055]:ADAT-3:MIX-15 [056]:ADAT-4:MIX-16 [057]:ADAT-5:MIX-17 [058]:ADAT-6:MIX-18 [059]:ADAT-7:MIX-19 [060]:OFF-0:MIX-20 [061]:OFF-0:MIX-21 [062]:PCM-0:MIX-22 [063]:PCM-1:MIX-23 [064]:ANALOG-4:MIX-24 [065]:OFF-0:OFF-0 [066]:OFF-0:OFF-0 [067]:OFF-0:OFF-0 [068]:OFF-0:OFF-0 [069]:OFF-0:OFF-0 [070]:OFF-0:OFF-0 [071]:OFF-0:OFF-0 [072]:OFF-0:OFF-0 [073]:OFF-0:OFF-0 [074]:OFF-0:OFF-0 [075]:OFF-0:OFF-0 [076]:OFF-0:OFF-0 }] ""
SET_MUX[mux=1, count=73, [idx]:src:dst={ [000]:ANALOG-0:PCM-0 [001]:ANALOG-1:PCM-1 [002]:ANALOG-2:PCM-2 [003]:ANALOG-3:PCM-3 [004]:ANALOG-4:PCM-4 [005]:ANALOG-5:PCM-5 [006]:ANALOG-6:PCM-6 [007]:ANALOG-7:PCM-7 [008]:SPDIF-0:PCM-10 [009]:SPDIF-1:PCM-11 [010]:ADAT-0:PCM-12 [011]:ADAT-1:PCM-13 [012]:ADAT-2:PCM-14 [013]:ADAT-3:PCM-15 [014]:OFF-0:PCM-16 [015]:OFF-0:PCM-17 [016]:OFF-0:ANALOG-0 [017]:OFF-0:ANALOG-1 [018]:OFF-0:ANALOG-2 [019]:OFF-0:ANALOG-3 [020]:PCM-4:ANALOG-4 [021]:PCM-5:ANALOG-5 [022]:PCM-6:ANALOG-6 [023]:PCM-7:ANALOG-7 [024]:PCM-8:ANALOG-8 [025]:PCM-9:ANALOG-9 [026]:PCM-10:SPDIF-0 [027]:PCM-11:SPDIF-1 [028]:PCM-12:ADAT-0 [029]:PCM-13:ADAT-1 [030]:PCM-14:ADAT-2 [031]:PCM-15:ADAT-3 [032]:PCM-0:ADAT-4 [033]:PCM-1:ADAT-5 [034]:PCM-0:ADAT-6 [035]:PCM-1:ADAT-7 [036]:PCM-0:PCM-8 [037]:PCM-1:PCM-9 [038]:ANALOG-0:MIX-0 [039]:ANALOG-1:MIX-1 [040]:ADAT-4:MIX-2 [041]:ADAT-5:MIX-3 [042]:ANALOG-2:MIX-4 [043]:ANALOG-3:MIX-5 [044]:ANALOG-4:MIX-6 [045]:ANALOG-5:MIX-7 [046]:ANALOG-6:MIX-8 [047]:ANALOG-7:MIX-9 [048]:SPDIF-0:MIX-10 [049]:SPDIF-1:MIX-11 [050]:ADAT-0:MIX-12 [051]:ADAT-1:MIX-13 [052]:ADAT-2:MIX-14 [053]:ADAT-3:MIX-15 [054]:OFF-0:MIX-16 [055]:OFF-0:MIX-17 [056]:OFF-0:MIX-18 [057]:OFF-0:MIX-19 [058]:ADAT-6:MIX-20 [059]:ADAT-7:MIX-21 [060]:PCM-0:MIX-22 [061]:PCM-1:MIX-23 [062]:ANALOG-4:MIX-24 [063]:OFF-0:OFF-0 [064]:OFF-0:OFF-0 [065]:OFF-0:OFF-0 [066]:OFF-0:OFF-0 [067]:OFF-0:OFF-0 [068]:OFF-0:OFF-0 [069]:OFF-0:OFF-0 [070]:OFF-0:OFF-0 [071]:OFF-0:OFF-0 [072]:OFF-0:OFF-0 }] ""

SET_MUX[mux=0, count=77, [idx]:src:dst={ [000]:ANALOG-0:PCM-0 [001]:ANALOG-1:PCM-1 [002]:ANALOG-2:PCM-2 [003]:ANALOG-3:PCM-3 [004]:ANALOG-4:PCM-4 [005]:ANALOG-5:PCM-5 [006]:ANALOG-6:PCM-6 [007]:ANALOG-7:PCM-7 [008]:SPDIF-0:PCM-10 [009]:SPDIF-1:PCM-11 [010]:ADAT-0:PCM-12 [011]:ADAT-1:PCM-13 [012]:ADAT-2:PCM-14 [013]:ADAT-3:PCM-15 [014]:ADAT-4:PCM-16 [015]:ADAT-5:PCM-17 [016]:ADAT-6:PCM-18 [017]:ADAT-7:PCM-19 [018]:OFF-0:ANALOG-0 [019]:OFF-0:ANALOG-1 [020]:OFF-0:ANALOG-2 [021]:OFF-0:ANALOG-3 [022]:PCM-4:ANALOG-4 [023]:PCM-5:ANALOG-5 [024]:PCM-6:ANALOG-6 [025]:PCM-7:ANALOG-7 [026]:PCM-8:ANALOG-8 [027]:PCM-9:ANALOG-9 [028]:PCM-10:SPDIF-0 [029]:PCM-11:SPDIF-1 [030]:PCM-12:ADAT-0 [031]:PCM-13:ADAT-1 [032]:PCM-14:ADAT-2 [033]:PCM-15:ADAT-3 [034]:PCM-14:ADAT-4 [035]:PCM-15:ADAT-5 [036]:PCM-18:ADAT-6 [037]:PCM-19:ADAT-7 [038]:PCM-0:PCM-8 [039]:PCM-1:PCM-9 [040]:ANALOG-0:MIX-0 [041]:ANALOG-1:MIX-1 [042]:OFF-0:MIX-2 [043]:OFF-0:MIX-3 [044]:ANALOG-2:MIX-4 [045]:ANALOG-3:MIX-5 [046]:ANALOG-4:MIX-6 [047]:ANALOG-5:MIX-7 [048]:ANALOG-6:MIX-8 [049]:ANALOG-7:MIX-9 [050]:SPDIF-0:MIX-10 [051]:SPDIF-1:MIX-11 [052]:ADAT-0:MIX-12 [053]:ADAT-1:MIX-13 [054]:ADAT-2:MIX-14 [055]:ADAT-3:MIX-15 [056]:ADAT-4:MIX-16 [057]:ADAT-5:MIX-17 [058]:ADAT-6:MIX-18 [059]:ADAT-7:MIX-19 [060]:OFF-0:MIX-20 [061]:OFF-0:MIX-21 [062]:PCM-0:MIX-22 [063]:PCM-1:MIX-23 [064]:ANALOG-5:MIX-24 [065]:OFF-0:OFF-0 [066]:OFF-0:OFF-0 [067]:OFF-0:OFF-0 [068]:OFF-0:OFF-0 [069]:OFF-0:OFF-0 [070]:OFF-0:OFF-0 [071]:OFF-0:OFF-0 [072]:OFF-0:OFF-0 [073]:OFF-0:OFF-0 [074]:OFF-0:OFF-0 [075]:OFF-0:OFF-0 [076]:OFF-0:OFF-0 }] ""
SET_MUX[mux=1, count=73, [idx]:src:dst={ [000]:ANALOG-0:PCM-0 [001]:ANALOG-1:PCM-1 [002]:ANALOG-2:PCM-2 [003]:ANALOG-3:PCM-3 [004]:ANALOG-4:PCM-4 [005]:ANALOG-5:PCM-5 [006]:ANALOG-6:PCM-6 [007]:ANALOG-7:PCM-7 [008]:SPDIF-0:PCM-10 [009]:SPDIF-1:PCM-11 [010]:ADAT-0:PCM-12 [011]:ADAT-1:PCM-13 [012]:ADAT-2:PCM-14 [013]:ADAT-3:PCM-15 [014]:OFF-0:PCM-16 [015]:OFF-0:PCM-17 [016]:OFF-0:ANALOG-0 [017]:OFF-0:ANALOG-1 [018]:OFF-0:ANALOG-2 [019]:OFF-0:ANALOG-3 [020]:PCM-4:ANALOG-4 [021]:PCM-5:ANALOG-5 [022]:PCM-6:ANALOG-6 [023]:PCM-7:ANALOG-7 [024]:PCM-8:ANALOG-8 [025]:PCM-9:ANALOG-9 [026]:PCM-10:SPDIF-0 [027]:PCM-11:SPDIF-1 [028]:PCM-12:ADAT-0 [029]:PCM-13:ADAT-1 [030]:PCM-14:ADAT-2 [031]:PCM-15:ADAT-3 [032]:PCM-0:ADAT-4 [033]:PCM-1:ADAT-5 [034]:PCM-0:ADAT-6 [035]:PCM-1:ADAT-7 [036]:PCM-0:PCM-8 [037]:PCM-1:PCM-9 [038]:ANALOG-0:MIX-0 [039]:ANALOG-1:MIX-1 [040]:ADAT-4:MIX-2 [041]:ADAT-5:MIX-3 [042]:ANALOG-2:MIX-4 [043]:ANALOG-3:MIX-5 [044]:ANALOG-4:MIX-6 [045]:ANALOG-5:MIX-7 [046]:ANALOG-6:MIX-8 [047]:ANALOG-7:MIX-9 [048]:SPDIF-0:MIX-10 [049]:SPDIF-1:MIX-11 [050]:ADAT-0:MIX-12 [051]:ADAT-1:MIX-13 [052]:ADAT-2:MIX-14 [053]:ADAT-3:MIX-15 [054]:OFF-0:MIX-16 [055]:OFF-0:MIX-17 [056]:OFF-0:MIX-18 [057]:OFF-0:MIX-19 [058]:ADAT-6:MIX-20 [059]:ADAT-7:MIX-21 [060]:PCM-0:MIX-22 [061]:PCM-1:MIX-23 [062]:ANALOG-5:MIX-24 [063]:OFF-0:OFF-0 [064]:OFF-0:OFF-0 [065]:OFF-0:OFF-0 [066]:OFF-0:OFF-0 [067]:OFF-0:OFF-0 [068]:OFF-0:OFF-0 [069]:OFF-0:OFF-0 [070]:OFF-0:OFF-0 [071]:OFF-0:OFF-0 [072]:OFF-0:OFF-0 }] ""

SET_MUX[mux=0, count=77, [idx]:src:dst={ [000]:ANALOG-0:PCM-0 [001]:ANALOG-1:PCM-1 [002]:ANALOG-2:PCM-2 [003]:ANALOG-3:PCM-3 [004]:ANALOG-4:PCM-4 [005]:ANALOG-5:PCM-5 [006]:ANALOG-6:PCM-6 [007]:ANALOG-7:PCM-7 [008]:SPDIF-0:PCM-10 [009]:SPDIF-1:PCM-11 [010]:ADAT-0:PCM-12 [011]:ADAT-1:PCM-13 [012]:ADAT-2:PCM-14 [013]:ADAT-3:PCM-15 [014]:ADAT-4:PCM-16 [015]:ADAT-5:PCM-17 [016]:ADAT-6:PCM-18 [017]:ADAT-7:PCM-19 [018]:OFF-0:ANALOG-0 [019]:OFF-0:ANALOG-1 [020]:OFF-0:ANALOG-2 [021]:OFF-0:ANALOG-3 [022]:PCM-4:ANALOG-4 [023]:PCM-5:ANALOG-5 [024]:PCM-6:ANALOG-6 [025]:PCM-7:ANALOG-7 [026]:PCM-8:ANALOG-8 [027]:PCM-9:ANALOG-9 [028]:PCM-10:SPDIF-0 [029]:PCM-11:SPDIF-1 [030]:PCM-12:ADAT-0 [031]:PCM-13:ADAT-1 [032]:PCM-14:ADAT-2 [033]:PCM-15:ADAT-3 [034]:PCM-14:ADAT-4 [035]:PCM-15:ADAT-5 [036]:PCM-18:ADAT-6 [037]:PCM-19:ADAT-7 [038]:PCM-0:PCM-8 [039]:PCM-1:PCM-9 [040]:ANALOG-0:MIX-0 [041]:ANALOG-1:MIX-1 [042]:OFF-0:MIX-2 [043]:OFF-0:MIX-3 [044]:ANALOG-2:MIX-4 [045]:ANALOG-3:MIX-5 [046]:ANALOG-4:MIX-6 [047]:ANALOG-5:MIX-7 [048]:ANALOG-6:MIX-8 [049]:ANALOG-7:MIX-9 [050]:SPDIF-0:MIX-10 [051]:SPDIF-1:MIX-11 [052]:ADAT-0:MIX-12 [053]:ADAT-1:MIX-13 [054]:ADAT-2:MIX-14 [055]:ADAT-3:MIX-15 [056]:ADAT-4:MIX-16 [057]:ADAT-5:MIX-17 [058]:ADAT-6:MIX-18 [059]:ADAT-7:MIX-19 [060]:OFF-0:MIX-20 [061]:OFF-0:MIX-21 [062]:PCM-0:MIX-22 [063]:PCM-1:MIX-23 [064]:ANALOG-6:MIX-24 [065]:OFF-0:OFF-0 [066]:OFF-0:OFF-0 [067]:OFF-0:OFF-0 [068]:OFF-0:OFF-0 [069]:OFF-0:OFF-0 [070]:OFF-0:OFF-0 [071]:OFF-0:OFF-0 [072]:OFF-0:OFF-0 [073]:OFF-0:OFF-0 [074]:OFF-0:OFF-0 [075]:OFF-0:OFF-0 [076]:OFF-0:OFF-0 }] ""
SET_MUX[mux=1, count=73, [idx]:src:dst={ [000]:ANALOG-0:PCM-0 [001]:ANALOG-1:PCM-1 [002]:ANALOG-2:PCM-2 [003]:ANALOG-3:PCM-3 [004]:ANALOG-4:PCM-4 [005]:ANALOG-5:PCM-5 [006]:ANALOG-6:PCM-6 [007]:ANALOG-7:PCM-7 [008]:SPDIF-0:PCM-10 [009]:SPDIF-1:PCM-11 [010]:ADAT-0:PCM-12 [011]:ADAT-1:PCM-13 [012]:ADAT-2:PCM-14 [013]:ADAT-3:PCM-15 [014]:OFF-0:PCM-16 [015]:OFF-0:PCM-17 [016]:OFF-0:ANALOG-0 [017]:OFF-0:ANALOG-1 [018]:OFF-0:ANALOG-2 [019]:OFF-0:ANALOG-3 [020]:PCM-4:ANALOG-4 [021]:PCM-5:ANALOG-5 [022]:PCM-6:ANALOG-6 [023]:PCM-7:ANALOG-7 [024]:PCM-8:ANALOG-8 [025]:PCM-9:ANALOG-9 [026]:PCM-10:SPDIF-0 [027]:PCM-11:SPDIF-1 [028]:PCM-12:ADAT-0 [029]:PCM-13:ADAT-1 [030]:PCM-14:ADAT-2 [031]:PCM-15:ADAT-3 [032]:PCM-0:ADAT-4 [033]:PCM-1:ADAT-5 [034]:PCM-0:ADAT-6 [035]:PCM-1:ADAT-7 [036]:PCM-0:PCM-8 [037]:PCM-1:PCM-9 [038]:ANALOG-0:MIX-0 [039]:ANALOG-1:MIX-1 [040]:ADAT-4:MIX-2 [041]:ADAT-5:MIX-3 [042]:ANALOG-2:MIX-4 [043]:ANALOG-3:MIX-5 [044]:ANALOG-4:MIX-6 [045]:ANALOG-5:MIX-7 [046]:ANALOG-6:MIX-8 [047]:ANALOG-7:MIX-9 [048]:SPDIF-0:MIX-10 [049]:SPDIF-1:MIX-11 [050]:ADAT-0:MIX-12 [051]:ADAT-1:MIX-13 [052]:ADAT-2:MIX-14 [053]:ADAT-3:MIX-15 [054]:OFF-0:MIX-16 [055]:OFF-0:MIX-17 [056]:OFF-0:MIX-18 [057]:OFF-0:MIX-19 [058]:ADAT-6:MIX-20 [059]:ADAT-7:MIX-21 [060]:PCM-0:MIX-22 [061]:PCM-1:MIX-23 [062]:ANALOG-6:MIX-24 [063]:OFF-0:OFF-0 [064]:OFF-0:OFF-0 [065]:OFF-0:OFF-0 [066]:OFF-0:OFF-0 [067]:OFF-0:OFF-0 [068]:OFF-0:OFF-0 [069]:OFF-0:OFF-0 [070]:OFF-0:OFF-0 [071]:OFF-0:OFF-0 [072]:OFF-0:OFF-0 }] ""

SET_MUX[mux=0, count=77, [idx]:src:dst={ [000]:ANALOG-0:PCM-0 [001]:ANALOG-1:PCM-1 [002]:ANALOG-2:PCM-2 [003]:ANALOG-3:PCM-3 [004]:ANALOG-4:PCM-4 [005]:ANALOG-5:PCM-5 [006]:ANALOG-6:PCM-6 [007]:ANALOG-7:PCM-7 [008]:SPDIF-0:PCM-10 [009]:SPDIF-1:PCM-11 [010]:ADAT-0:PCM-12 [011]:ADAT-1:PCM-13 [012]:ADAT-2:PCM-14 [013]:ADAT-3:PCM-15 [014]:ADAT-4:PCM-16 [015]:ADAT-5:PCM-17 [016]:ADAT-6:PCM-18 [017]:ADAT-7:PCM-19 [018]:OFF-0:ANALOG-0 [019]:OFF-0:ANALOG-1 [020]:OFF-0:ANALOG-2 [021]:OFF-0:ANALOG-3 [022]:PCM-4:ANALOG-4 [023]:PCM-5:ANALOG-5 [024]:PCM-6:ANALOG-6 [025]:PCM-7:ANALOG-7 [026]:PCM-8:ANALOG-8 [027]:PCM-9:ANALOG-9 [028]:PCM-10:SPDIF-0 [029]:PCM-11:SPDIF-1 [030]:PCM-12:ADAT-0 [031]:PCM-13:ADAT-1 [032]:PCM-14:ADAT-2 [033]:PCM-15:ADAT-3 [034]:PCM-14:ADAT-4 [035]:PCM-15:ADAT-5 [036]:PCM-18:ADAT-6 [037]:PCM-19:ADAT-7 [038]:PCM-0:PCM-8 [039]:PCM-1:PCM-9 [040]:ANALOG-0:MIX-0 [041]:ANALOG-1:MIX-1 [042]:OFF-0:MIX-2 [043]:OFF-0:MIX-3 [044]:ANALOG-2:MIX-4 [045]:ANALOG-3:MIX-5 [046]:ANALOG-4:MIX-6 [047]:ANALOG-5:MIX-7 [048]:ANALOG-6:MIX-8 [049]:ANALOG-7:MIX-9 [050]:SPDIF-0:MIX-10 [051]:SPDIF-1:MIX-11 [052]:ADAT-0:MIX-12 [053]:ADAT-1:MIX-13 [054]:ADAT-2:MIX-14 [055]:ADAT-3:MIX-15 [056]:ADAT-4:MIX-16 [057]:ADAT-5:MIX-17 [058]:ADAT-6:MIX-18 [059]:ADAT-7:MIX-19 [060]:OFF-0:MIX-20 [061]:OFF-0:MIX-21 [062]:PCM-0:MIX-22 [063]:PCM-1:MIX-23 [064]:ANALOG-7:MIX-24 [065]:OFF-0:OFF-0 [066]:OFF-0:OFF-0 [067]:OFF-0:OFF-0 [068]:OFF-0:OFF-0 [069]:OFF-0:OFF-0 [070]:OFF-0:OFF-0 [071]:OFF-0:OFF-0 [072]:OFF-0:OFF-0 [073]:OFF-0:OFF-0 [074]:OFF-0:OFF-0 [075]:OFF-0:OFF-0 [076]:OFF-0:OFF-0 }] ""
SET_MUX[mux=1, count=73, [idx]:src:dst={ [000]:ANALOG-0:PCM-0 [001]:ANALOG-1:PCM-1 [002]:ANALOG-2:PCM-2 [003]:ANALOG-3:PCM-3 [004]:ANALOG-4:PCM-4 [005]:ANALOG-5:PCM-5 [006]:ANALOG-6:PCM-6 [007]:ANALOG-7:PCM-7 [008]:SPDIF-0:PCM-10 [009]:SPDIF-1:PCM-11 [010]:ADAT-0:PCM-12 [011]:ADAT-1:PCM-13 [012]:ADAT-2:PCM-14 [013]:ADAT-3:PCM-15 [014]:OFF-0:PCM-16 [015]:OFF-0:PCM-17 [016]:OFF-0:ANALOG-0 [017]:OFF-0:ANALOG-1 [018]:OFF-0:ANALOG-2 [019]:OFF-0:ANALOG-3 [020]:PCM-4:ANALOG-4 [021]:PCM-5:ANALOG-5 [022]:PCM-6:ANALOG-6 [023]:PCM-7:ANALOG-7 [024]:PCM-8:ANALOG-8 [025]:PCM-9:ANALOG-9 [026]:PCM-10:SPDIF-0 [027]:PCM-11:SPDIF-1 [028]:PCM-12:ADAT-0 [029]:PCM-13:ADAT-1 [030]:PCM-14:ADAT-2 [031]:PCM-15:ADAT-3 [032]:PCM-0:ADAT-4 [033]:PCM-1:ADAT-5 [034]:PCM-0:ADAT-6 [035]:PCM-1:ADAT-7 [036]:PCM-0:PCM-8 [037]:PCM-1:PCM-9 [038]:ANALOG-0:MIX-0 [039]:ANALOG-1:MIX-1 [040]:ADAT-4:MIX-2 [041]:ADAT-5:MIX-3 [042]:ANALOG-2:MIX-4 [043]:ANALOG-3:MIX-5 [044]:ANALOG-4:MIX-6 [045]:ANALOG-5:MIX-7 [046]:ANALOG-6:MIX-8 [047]:ANALOG-7:MIX-9 [048]:SPDIF-0:MIX-10 [049]:SPDIF-1:MIX-11 [050]:ADAT-0:MIX-12 [051]:ADAT-1:MIX-13 [052]:ADAT-2:MIX-14 [053]:ADAT-3:MIX-15 [054]:OFF-0:MIX-16 [055]:OFF-0:MIX-17 [056]:OFF-0:MIX-18 [057]:OFF-0:MIX-19 [058]:ADAT-6:MIX-20 [059]:ADAT-7:MIX-21 [060]:PCM-0:MIX-22 [061]:PCM-1:MIX-23 [062]:ANALOG-7:MIX-24 [063]:OFF-0:OFF-0 [064]:OFF-0:OFF-0 [065]:OFF-0:OFF-0 [066]:OFF-0:OFF-0 [067]:OFF-0:OFF-0 [068]:OFF-0:OFF-0 [069]:OFF-0:OFF-0 [070]:OFF-0:OFF-0 [071]:OFF-0:OFF-0 [072]:OFF-0:OFF-0 }] ""

Sequentially set talkback source to ADAT 1.1-ADAT 1.8 inputs:

SET_MUX[mux=0, count=77, [idx]:src:dst={ [000]:ANALOG-0:PCM-0 [001]:ANALOG-1:PCM-1 [002]:ANALOG-2:PCM-2 [003]:ANALOG-3:PCM-3 [004]:ANALOG-4:PCM-4 [005]:ANALOG-5:PCM-5 [006]:ANALOG-6:PCM-6 [007]:ANALOG-7:PCM-7 [008]:SPDIF-0:PCM-10 [009]:SPDIF-1:PCM-11 [010]:ADAT-0:PCM-12 [011]:ADAT-1:PCM-13 [012]:ADAT-2:PCM-14 [013]:ADAT-3:PCM-15 [014]:ADAT-4:PCM-16 [015]:ADAT-5:PCM-17 [016]:ADAT-6:PCM-18 [017]:ADAT-7:PCM-19 [018]:OFF-0:ANALOG-0 [019]:OFF-0:ANALOG-1 [020]:OFF-0:ANALOG-2 [021]:OFF-0:ANALOG-3 [022]:PCM-4:ANALOG-4 [023]:PCM-5:ANALOG-5 [024]:PCM-6:ANALOG-6 [025]:PCM-7:ANALOG-7 [026]:PCM-8:ANALOG-8 [027]:PCM-9:ANALOG-9 [028]:PCM-10:SPDIF-0 [029]:PCM-11:SPDIF-1 [030]:PCM-12:ADAT-0 [031]:PCM-13:ADAT-1 [032]:PCM-14:ADAT-2 [033]:PCM-15:ADAT-3 [034]:PCM-14:ADAT-4 [035]:PCM-15:ADAT-5 [036]:PCM-18:ADAT-6 [037]:PCM-19:ADAT-7 [038]:PCM-0:PCM-8 [039]:PCM-1:PCM-9 [040]:ANALOG-0:MIX-0 [041]:ANALOG-1:MIX-1 [042]:OFF-0:MIX-2 [043]:OFF-0:MIX-3 [044]:ANALOG-2:MIX-4 [045]:ANALOG-3:MIX-5 [046]:ANALOG-4:MIX-6 [047]:ANALOG-5:MIX-7 [048]:ANALOG-6:MIX-8 [049]:ANALOG-7:MIX-9 [050]:SPDIF-0:MIX-10 [051]:SPDIF-1:MIX-11 [052]:ADAT-0:MIX-12 [053]:ADAT-1:MIX-13 [054]:ADAT-2:MIX-14 [055]:ADAT-3:MIX-15 [056]:ADAT-4:MIX-16 [057]:ADAT-5:MIX-17 [058]:ADAT-6:MIX-18 [059]:ADAT-7:MIX-19 [060]:OFF-0:MIX-20 [061]:OFF-0:MIX-21 [062]:PCM-0:MIX-22 [063]:PCM-1:MIX-23 [064]:ADAT-0:MIX-24 [065]:OFF-0:OFF-0 [066]:OFF-0:OFF-0 [067]:OFF-0:OFF-0 [068]:OFF-0:OFF-0 [069]:OFF-0:OFF-0 [070]:OFF-0:OFF-0 [071]:OFF-0:OFF-0 [072]:OFF-0:OFF-0 [073]:OFF-0:OFF-0 [074]:OFF-0:OFF-0 [075]:OFF-0:OFF-0 [076]:OFF-0:OFF-0 }] ""
SET_MUX[mux=1, count=73, [idx]:src:dst={ [000]:ANALOG-0:PCM-0 [001]:ANALOG-1:PCM-1 [002]:ANALOG-2:PCM-2 [003]:ANALOG-3:PCM-3 [004]:ANALOG-4:PCM-4 [005]:ANALOG-5:PCM-5 [006]:ANALOG-6:PCM-6 [007]:ANALOG-7:PCM-7 [008]:SPDIF-0:PCM-10 [009]:SPDIF-1:PCM-11 [010]:ADAT-0:PCM-12 [011]:ADAT-1:PCM-13 [012]:ADAT-2:PCM-14 [013]:ADAT-3:PCM-15 [014]:OFF-0:PCM-16 [015]:OFF-0:PCM-17 [016]:OFF-0:ANALOG-0 [017]:OFF-0:ANALOG-1 [018]:OFF-0:ANALOG-2 [019]:OFF-0:ANALOG-3 [020]:PCM-4:ANALOG-4 [021]:PCM-5:ANALOG-5 [022]:PCM-6:ANALOG-6 [023]:PCM-7:ANALOG-7 [024]:PCM-8:ANALOG-8 [025]:PCM-9:ANALOG-9 [026]:PCM-10:SPDIF-0 [027]:PCM-11:SPDIF-1 [028]:PCM-12:ADAT-0 [029]:PCM-13:ADAT-1 [030]:PCM-14:ADAT-2 [031]:PCM-15:ADAT-3 [032]:PCM-0:ADAT-4 [033]:PCM-1:ADAT-5 [034]:PCM-0:ADAT-6 [035]:PCM-1:ADAT-7 [036]:PCM-0:PCM-8 [037]:PCM-1:PCM-9 [038]:ANALOG-0:MIX-0 [039]:ANALOG-1:MIX-1 [040]:ADAT-4:MIX-2 [041]:ADAT-5:MIX-3 [042]:ANALOG-2:MIX-4 [043]:ANALOG-3:MIX-5 [044]:ANALOG-4:MIX-6 [045]:ANALOG-5:MIX-7 [046]:ANALOG-6:MIX-8 [047]:ANALOG-7:MIX-9 [048]:SPDIF-0:MIX-10 [049]:SPDIF-1:MIX-11 [050]:ADAT-0:MIX-12 [051]:ADAT-1:MIX-13 [052]:ADAT-2:MIX-14 [053]:ADAT-3:MIX-15 [054]:OFF-0:MIX-16 [055]:OFF-0:MIX-17 [056]:OFF-0:MIX-18 [057]:OFF-0:MIX-19 [058]:ADAT-6:MIX-20 [059]:ADAT-7:MIX-21 [060]:PCM-0:MIX-22 [061]:PCM-1:MIX-23 [062]:ADAT-0:MIX-24 [063]:OFF-0:OFF-0 [064]:OFF-0:OFF-0 [065]:OFF-0:OFF-0 [066]:OFF-0:OFF-0 [067]:OFF-0:OFF-0 [068]:OFF-0:OFF-0 [069]:OFF-0:OFF-0 [070]:OFF-0:OFF-0 [071]:OFF-0:OFF-0 [072]:OFF-0:OFF-0 }] ""

SET_MUX[mux=0, count=77, [idx]:src:dst={ [000]:ANALOG-0:PCM-0 [001]:ANALOG-1:PCM-1 [002]:ANALOG-2:PCM-2 [003]:ANALOG-3:PCM-3 [004]:ANALOG-4:PCM-4 [005]:ANALOG-5:PCM-5 [006]:ANALOG-6:PCM-6 [007]:ANALOG-7:PCM-7 [008]:SPDIF-0:PCM-10 [009]:SPDIF-1:PCM-11 [010]:ADAT-0:PCM-12 [011]:ADAT-1:PCM-13 [012]:ADAT-2:PCM-14 [013]:ADAT-3:PCM-15 [014]:ADAT-4:PCM-16 [015]:ADAT-5:PCM-17 [016]:ADAT-6:PCM-18 [017]:ADAT-7:PCM-19 [018]:OFF-0:ANALOG-0 [019]:OFF-0:ANALOG-1 [020]:OFF-0:ANALOG-2 [021]:OFF-0:ANALOG-3 [022]:PCM-4:ANALOG-4 [023]:PCM-5:ANALOG-5 [024]:PCM-6:ANALOG-6 [025]:PCM-7:ANALOG-7 [026]:PCM-8:ANALOG-8 [027]:PCM-9:ANALOG-9 [028]:PCM-10:SPDIF-0 [029]:PCM-11:SPDIF-1 [030]:PCM-12:ADAT-0 [031]:PCM-13:ADAT-1 [032]:PCM-14:ADAT-2 [033]:PCM-15:ADAT-3 [034]:PCM-14:ADAT-4 [035]:PCM-15:ADAT-5 [036]:PCM-18:ADAT-6 [037]:PCM-19:ADAT-7 [038]:PCM-0:PCM-8 [039]:PCM-1:PCM-9 [040]:ANALOG-0:MIX-0 [041]:ANALOG-1:MIX-1 [042]:OFF-0:MIX-2 [043]:OFF-0:MIX-3 [044]:ANALOG-2:MIX-4 [045]:ANALOG-3:MIX-5 [046]:ANALOG-4:MIX-6 [047]:ANALOG-5:MIX-7 [048]:ANALOG-6:MIX-8 [049]:ANALOG-7:MIX-9 [050]:SPDIF-0:MIX-10 [051]:SPDIF-1:MIX-11 [052]:ADAT-0:MIX-12 [053]:ADAT-1:MIX-13 [054]:ADAT-2:MIX-14 [055]:ADAT-3:MIX-15 [056]:ADAT-4:MIX-16 [057]:ADAT-5:MIX-17 [058]:ADAT-6:MIX-18 [059]:ADAT-7:MIX-19 [060]:OFF-0:MIX-20 [061]:OFF-0:MIX-21 [062]:PCM-0:MIX-22 [063]:PCM-1:MIX-23 [064]:ADAT-1:MIX-24 [065]:OFF-0:OFF-0 [066]:OFF-0:OFF-0 [067]:OFF-0:OFF-0 [068]:OFF-0:OFF-0 [069]:OFF-0:OFF-0 [070]:OFF-0:OFF-0 [071]:OFF-0:OFF-0 [072]:OFF-0:OFF-0 [073]:OFF-0:OFF-0 [074]:OFF-0:OFF-0 [075]:OFF-0:OFF-0 [076]:OFF-0:OFF-0 }] ""
SET_MUX[mux=1, count=73, [idx]:src:dst={ [000]:ANALOG-0:PCM-0 [001]:ANALOG-1:PCM-1 [002]:ANALOG-2:PCM-2 [003]:ANALOG-3:PCM-3 [004]:ANALOG-4:PCM-4 [005]:ANALOG-5:PCM-5 [006]:ANALOG-6:PCM-6 [007]:ANALOG-7:PCM-7 [008]:SPDIF-0:PCM-10 [009]:SPDIF-1:PCM-11 [010]:ADAT-0:PCM-12 [011]:ADAT-1:PCM-13 [012]:ADAT-2:PCM-14 [013]:ADAT-3:PCM-15 [014]:OFF-0:PCM-16 [015]:OFF-0:PCM-17 [016]:OFF-0:ANALOG-0 [017]:OFF-0:ANALOG-1 [018]:OFF-0:ANALOG-2 [019]:OFF-0:ANALOG-3 [020]:PCM-4:ANALOG-4 [021]:PCM-5:ANALOG-5 [022]:PCM-6:ANALOG-6 [023]:PCM-7:ANALOG-7 [024]:PCM-8:ANALOG-8 [025]:PCM-9:ANALOG-9 [026]:PCM-10:SPDIF-0 [027]:PCM-11:SPDIF-1 [028]:PCM-12:ADAT-0 [029]:PCM-13:ADAT-1 [030]:PCM-14:ADAT-2 [031]:PCM-15:ADAT-3 [032]:PCM-0:ADAT-4 [033]:PCM-1:ADAT-5 [034]:PCM-0:ADAT-6 [035]:PCM-1:ADAT-7 [036]:PCM-0:PCM-8 [037]:PCM-1:PCM-9 [038]:ANALOG-0:MIX-0 [039]:ANALOG-1:MIX-1 [040]:ADAT-4:MIX-2 [041]:ADAT-5:MIX-3 [042]:ANALOG-2:MIX-4 [043]:ANALOG-3:MIX-5 [044]:ANALOG-4:MIX-6 [045]:ANALOG-5:MIX-7 [046]:ANALOG-6:MIX-8 [047]:ANALOG-7:MIX-9 [048]:SPDIF-0:MIX-10 [049]:SPDIF-1:MIX-11 [050]:ADAT-0:MIX-12 [051]:ADAT-1:MIX-13 [052]:ADAT-2:MIX-14 [053]:ADAT-3:MIX-15 [054]:OFF-0:MIX-16 [055]:OFF-0:MIX-17 [056]:OFF-0:MIX-18 [057]:OFF-0:MIX-19 [058]:ADAT-6:MIX-20 [059]:ADAT-7:MIX-21 [060]:PCM-0:MIX-22 [061]:PCM-1:MIX-23 [062]:ADAT-1:MIX-24 [063]:OFF-0:OFF-0 [064]:OFF-0:OFF-0 [065]:OFF-0:OFF-0 [066]:OFF-0:OFF-0 [067]:OFF-0:OFF-0 [068]:OFF-0:OFF-0 [069]:OFF-0:OFF-0 [070]:OFF-0:OFF-0 [071]:OFF-0:OFF-0 [072]:OFF-0:OFF-0 }] ""

SET_MUX[mux=0, count=77, [idx]:src:dst={ [000]:ANALOG-0:PCM-0 [001]:ANALOG-1:PCM-1 [002]:ANALOG-2:PCM-2 [003]:ANALOG-3:PCM-3 [004]:ANALOG-4:PCM-4 [005]:ANALOG-5:PCM-5 [006]:ANALOG-6:PCM-6 [007]:ANALOG-7:PCM-7 [008]:SPDIF-0:PCM-10 [009]:SPDIF-1:PCM-11 [010]:ADAT-0:PCM-12 [011]:ADAT-1:PCM-13 [012]:ADAT-2:PCM-14 [013]:ADAT-3:PCM-15 [014]:ADAT-4:PCM-16 [015]:ADAT-5:PCM-17 [016]:ADAT-6:PCM-18 [017]:ADAT-7:PCM-19 [018]:OFF-0:ANALOG-0 [019]:OFF-0:ANALOG-1 [020]:OFF-0:ANALOG-2 [021]:OFF-0:ANALOG-3 [022]:PCM-4:ANALOG-4 [023]:PCM-5:ANALOG-5 [024]:PCM-6:ANALOG-6 [025]:PCM-7:ANALOG-7 [026]:PCM-8:ANALOG-8 [027]:PCM-9:ANALOG-9 [028]:PCM-10:SPDIF-0 [029]:PCM-11:SPDIF-1 [030]:PCM-12:ADAT-0 [031]:PCM-13:ADAT-1 [032]:PCM-14:ADAT-2 [033]:PCM-15:ADAT-3 [034]:PCM-14:ADAT-4 [035]:PCM-15:ADAT-5 [036]:PCM-18:ADAT-6 [037]:PCM-19:ADAT-7 [038]:PCM-0:PCM-8 [039]:PCM-1:PCM-9 [040]:ANALOG-0:MIX-0 [041]:ANALOG-1:MIX-1 [042]:OFF-0:MIX-2 [043]:OFF-0:MIX-3 [044]:ANALOG-2:MIX-4 [045]:ANALOG-3:MIX-5 [046]:ANALOG-4:MIX-6 [047]:ANALOG-5:MIX-7 [048]:ANALOG-6:MIX-8 [049]:ANALOG-7:MIX-9 [050]:SPDIF-0:MIX-10 [051]:SPDIF-1:MIX-11 [052]:ADAT-0:MIX-12 [053]:ADAT-1:MIX-13 [054]:ADAT-2:MIX-14 [055]:ADAT-3:MIX-15 [056]:ADAT-4:MIX-16 [057]:ADAT-5:MIX-17 [058]:ADAT-6:MIX-18 [059]:ADAT-7:MIX-19 [060]:OFF-0:MIX-20 [061]:OFF-0:MIX-21 [062]:PCM-0:MIX-22 [063]:PCM-1:MIX-23 [064]:ADAT-2:MIX-24 [065]:OFF-0:OFF-0 [066]:OFF-0:OFF-0 [067]:OFF-0:OFF-0 [068]:OFF-0:OFF-0 [069]:OFF-0:OFF-0 [070]:OFF-0:OFF-0 [071]:OFF-0:OFF-0 [072]:OFF-0:OFF-0 [073]:OFF-0:OFF-0 [074]:OFF-0:OFF-0 [075]:OFF-0:OFF-0 [076]:OFF-0:OFF-0 }] ""
SET_MUX[mux=1, count=73, [idx]:src:dst={ [000]:ANALOG-0:PCM-0 [001]:ANALOG-1:PCM-1 [002]:ANALOG-2:PCM-2 [003]:ANALOG-3:PCM-3 [004]:ANALOG-4:PCM-4 [005]:ANALOG-5:PCM-5 [006]:ANALOG-6:PCM-6 [007]:ANALOG-7:PCM-7 [008]:SPDIF-0:PCM-10 [009]:SPDIF-1:PCM-11 [010]:ADAT-0:PCM-12 [011]:ADAT-1:PCM-13 [012]:ADAT-2:PCM-14 [013]:ADAT-3:PCM-15 [014]:OFF-0:PCM-16 [015]:OFF-0:PCM-17 [016]:OFF-0:ANALOG-0 [017]:OFF-0:ANALOG-1 [018]:OFF-0:ANALOG-2 [019]:OFF-0:ANALOG-3 [020]:PCM-4:ANALOG-4 [021]:PCM-5:ANALOG-5 [022]:PCM-6:ANALOG-6 [023]:PCM-7:ANALOG-7 [024]:PCM-8:ANALOG-8 [025]:PCM-9:ANALOG-9 [026]:PCM-10:SPDIF-0 [027]:PCM-11:SPDIF-1 [028]:PCM-12:ADAT-0 [029]:PCM-13:ADAT-1 [030]:PCM-14:ADAT-2 [031]:PCM-15:ADAT-3 [032]:PCM-0:ADAT-4 [033]:PCM-1:ADAT-5 [034]:PCM-0:ADAT-6 [035]:PCM-1:ADAT-7 [036]:PCM-0:PCM-8 [037]:PCM-1:PCM-9 [038]:ANALOG-0:MIX-0 [039]:ANALOG-1:MIX-1 [040]:ADAT-4:MIX-2 [041]:ADAT-5:MIX-3 [042]:ANALOG-2:MIX-4 [043]:ANALOG-3:MIX-5 [044]:ANALOG-4:MIX-6 [045]:ANALOG-5:MIX-7 [046]:ANALOG-6:MIX-8 [047]:ANALOG-7:MIX-9 [048]:SPDIF-0:MIX-10 [049]:SPDIF-1:MIX-11 [050]:ADAT-0:MIX-12 [051]:ADAT-1:MIX-13 [052]:ADAT-2:MIX-14 [053]:ADAT-3:MIX-15 [054]:OFF-0:MIX-16 [055]:OFF-0:MIX-17 [056]:OFF-0:MIX-18 [057]:OFF-0:MIX-19 [058]:ADAT-6:MIX-20 [059]:ADAT-7:MIX-21 [060]:PCM-0:MIX-22 [061]:PCM-1:MIX-23 [062]:ADAT-2:MIX-24 [063]:OFF-0:OFF-0 [064]:OFF-0:OFF-0 [065]:OFF-0:OFF-0 [066]:OFF-0:OFF-0 [067]:OFF-0:OFF-0 [068]:OFF-0:OFF-0 [069]:OFF-0:OFF-0 [070]:OFF-0:OFF-0 [071]:OFF-0:OFF-0 [072]:OFF-0:OFF-0 }] ""

SET_MUX[mux=0, count=77, [idx]:src:dst={ [000]:ANALOG-0:PCM-0 [001]:ANALOG-1:PCM-1 [002]:ANALOG-2:PCM-2 [003]:ANALOG-3:PCM-3 [004]:ANALOG-4:PCM-4 [005]:ANALOG-5:PCM-5 [006]:ANALOG-6:PCM-6 [007]:ANALOG-7:PCM-7 [008]:SPDIF-0:PCM-10 [009]:SPDIF-1:PCM-11 [010]:ADAT-0:PCM-12 [011]:ADAT-1:PCM-13 [012]:ADAT-2:PCM-14 [013]:ADAT-3:PCM-15 [014]:ADAT-4:PCM-16 [015]:ADAT-5:PCM-17 [016]:ADAT-6:PCM-18 [017]:ADAT-7:PCM-19 [018]:OFF-0:ANALOG-0 [019]:OFF-0:ANALOG-1 [020]:OFF-0:ANALOG-2 [021]:OFF-0:ANALOG-3 [022]:PCM-4:ANALOG-4 [023]:PCM-5:ANALOG-5 [024]:PCM-6:ANALOG-6 [025]:PCM-7:ANALOG-7 [026]:PCM-8:ANALOG-8 [027]:PCM-9:ANALOG-9 [028]:PCM-10:SPDIF-0 [029]:PCM-11:SPDIF-1 [030]:PCM-12:ADAT-0 [031]:PCM-13:ADAT-1 [032]:PCM-14:ADAT-2 [033]:PCM-15:ADAT-3 [034]:PCM-14:ADAT-4 [035]:PCM-15:ADAT-5 [036]:PCM-18:ADAT-6 [037]:PCM-19:ADAT-7 [038]:PCM-0:PCM-8 [039]:PCM-1:PCM-9 [040]:ANALOG-0:MIX-0 [041]:ANALOG-1:MIX-1 [042]:OFF-0:MIX-2 [043]:OFF-0:MIX-3 [044]:ANALOG-2:MIX-4 [045]:ANALOG-3:MIX-5 [046]:ANALOG-4:MIX-6 [047]:ANALOG-5:MIX-7 [048]:ANALOG-6:MIX-8 [049]:ANALOG-7:MIX-9 [050]:SPDIF-0:MIX-10 [051]:SPDIF-1:MIX-11 [052]:ADAT-0:MIX-12 [053]:ADAT-1:MIX-13 [054]:ADAT-2:MIX-14 [055]:ADAT-3:MIX-15 [056]:ADAT-4:MIX-16 [057]:ADAT-5:MIX-17 [058]:ADAT-6:MIX-18 [059]:ADAT-7:MIX-19 [060]:OFF-0:MIX-20 [061]:OFF-0:MIX-21 [062]:PCM-0:MIX-22 [063]:PCM-1:MIX-23 [064]:ADAT-3:MIX-24 [065]:OFF-0:OFF-0 [066]:OFF-0:OFF-0 [067]:OFF-0:OFF-0 [068]:OFF-0:OFF-0 [069]:OFF-0:OFF-0 [070]:OFF-0:OFF-0 [071]:OFF-0:OFF-0 [072]:OFF-0:OFF-0 [073]:OFF-0:OFF-0 [074]:OFF-0:OFF-0 [075]:OFF-0:OFF-0 [076]:OFF-0:OFF-0 }] ""
SET_MUX[mux=1, count=73, [idx]:src:dst={ [000]:ANALOG-0:PCM-0 [001]:ANALOG-1:PCM-1 [002]:ANALOG-2:PCM-2 [003]:ANALOG-3:PCM-3 [004]:ANALOG-4:PCM-4 [005]:ANALOG-5:PCM-5 [006]:ANALOG-6:PCM-6 [007]:ANALOG-7:PCM-7 [008]:SPDIF-0:PCM-10 [009]:SPDIF-1:PCM-11 [010]:ADAT-0:PCM-12 [011]:ADAT-1:PCM-13 [012]:ADAT-2:PCM-14 [013]:ADAT-3:PCM-15 [014]:OFF-0:PCM-16 [015]:OFF-0:PCM-17 [016]:OFF-0:ANALOG-0 [017]:OFF-0:ANALOG-1 [018]:OFF-0:ANALOG-2 [019]:OFF-0:ANALOG-3 [020]:PCM-4:ANALOG-4 [021]:PCM-5:ANALOG-5 [022]:PCM-6:ANALOG-6 [023]:PCM-7:ANALOG-7 [024]:PCM-8:ANALOG-8 [025]:PCM-9:ANALOG-9 [026]:PCM-10:SPDIF-0 [027]:PCM-11:SPDIF-1 [028]:PCM-12:ADAT-0 [029]:PCM-13:ADAT-1 [030]:PCM-14:ADAT-2 [031]:PCM-15:ADAT-3 [032]:PCM-0:ADAT-4 [033]:PCM-1:ADAT-5 [034]:PCM-0:ADAT-6 [035]:PCM-1:ADAT-7 [036]:PCM-0:PCM-8 [037]:PCM-1:PCM-9 [038]:ANALOG-0:MIX-0 [039]:ANALOG-1:MIX-1 [040]:ADAT-4:MIX-2 [041]:ADAT-5:MIX-3 [042]:ANALOG-2:MIX-4 [043]:ANALOG-3:MIX-5 [044]:ANALOG-4:MIX-6 [045]:ANALOG-5:MIX-7 [046]:ANALOG-6:MIX-8 [047]:ANALOG-7:MIX-9 [048]:SPDIF-0:MIX-10 [049]:SPDIF-1:MIX-11 [050]:ADAT-0:MIX-12 [051]:ADAT-1:MIX-13 [052]:ADAT-2:MIX-14 [053]:ADAT-3:MIX-15 [054]:OFF-0:MIX-16 [055]:OFF-0:MIX-17 [056]:OFF-0:MIX-18 [057]:OFF-0:MIX-19 [058]:ADAT-6:MIX-20 [059]:ADAT-7:MIX-21 [060]:PCM-0:MIX-22 [061]:PCM-1:MIX-23 [062]:ADAT-3:MIX-24 [063]:OFF-0:OFF-0 [064]:OFF-0:OFF-0 [065]:OFF-0:OFF-0 [066]:OFF-0:OFF-0 [067]:OFF-0:OFF-0 [068]:OFF-0:OFF-0 [069]:OFF-0:OFF-0 [070]:OFF-0:OFF-0 [071]:OFF-0:OFF-0 [072]:OFF-0:OFF-0 }] ""

SET_MUX[mux=0, count=77, [idx]:src:dst={ [000]:ANALOG-0:PCM-0 [001]:ANALOG-1:PCM-1 [002]:ANALOG-2:PCM-2 [003]:ANALOG-3:PCM-3 [004]:ANALOG-4:PCM-4 [005]:ANALOG-5:PCM-5 [006]:ANALOG-6:PCM-6 [007]:ANALOG-7:PCM-7 [008]:SPDIF-0:PCM-10 [009]:SPDIF-1:PCM-11 [010]:ADAT-0:PCM-12 [011]:ADAT-1:PCM-13 [012]:ADAT-2:PCM-14 [013]:ADAT-3:PCM-15 [014]:ADAT-4:PCM-16 [015]:ADAT-5:PCM-17 [016]:ADAT-6:PCM-18 [017]:ADAT-7:PCM-19 [018]:OFF-0:ANALOG-0 [019]:OFF-0:ANALOG-1 [020]:OFF-0:ANALOG-2 [021]:OFF-0:ANALOG-3 [022]:PCM-4:ANALOG-4 [023]:PCM-5:ANALOG-5 [024]:PCM-6:ANALOG-6 [025]:PCM-7:ANALOG-7 [026]:PCM-8:ANALOG-8 [027]:PCM-9:ANALOG-9 [028]:PCM-10:SPDIF-0 [029]:PCM-11:SPDIF-1 [030]:PCM-12:ADAT-0 [031]:PCM-13:ADAT-1 [032]:PCM-14:ADAT-2 [033]:PCM-15:ADAT-3 [034]:PCM-14:ADAT-4 [035]:PCM-15:ADAT-5 [036]:PCM-18:ADAT-6 [037]:PCM-19:ADAT-7 [038]:PCM-0:PCM-8 [039]:PCM-1:PCM-9 [040]:ANALOG-0:MIX-0 [041]:ANALOG-1:MIX-1 [042]:OFF-0:MIX-2 [043]:OFF-0:MIX-3 [044]:ANALOG-2:MIX-4 [045]:ANALOG-3:MIX-5 [046]:ANALOG-4:MIX-6 [047]:ANALOG-5:MIX-7 [048]:ANALOG-6:MIX-8 [049]:ANALOG-7:MIX-9 [050]:SPDIF-0:MIX-10 [051]:SPDIF-1:MIX-11 [052]:ADAT-0:MIX-12 [053]:ADAT-1:MIX-13 [054]:ADAT-2:MIX-14 [055]:ADAT-3:MIX-15 [056]:ADAT-4:MIX-16 [057]:ADAT-5:MIX-17 [058]:ADAT-6:MIX-18 [059]:ADAT-7:MIX-19 [060]:OFF-0:MIX-20 [061]:OFF-0:MIX-21 [062]:PCM-0:MIX-22 [063]:PCM-1:MIX-23 [064]:ADAT-4:MIX-24 [065]:OFF-0:OFF-0 [066]:OFF-0:OFF-0 [067]:OFF-0:OFF-0 [068]:OFF-0:OFF-0 [069]:OFF-0:OFF-0 [070]:OFF-0:OFF-0 [071]:OFF-0:OFF-0 [072]:OFF-0:OFF-0 [073]:OFF-0:OFF-0 [074]:OFF-0:OFF-0 [075]:OFF-0:OFF-0 [076]:OFF-0:OFF-0 }] ""
SET_MUX[mux=1, count=73, [idx]:src:dst={ [000]:ANALOG-0:PCM-0 [001]:ANALOG-1:PCM-1 [002]:ANALOG-2:PCM-2 [003]:ANALOG-3:PCM-3 [004]:ANALOG-4:PCM-4 [005]:ANALOG-5:PCM-5 [006]:ANALOG-6:PCM-6 [007]:ANALOG-7:PCM-7 [008]:SPDIF-0:PCM-10 [009]:SPDIF-1:PCM-11 [010]:ADAT-0:PCM-12 [011]:ADAT-1:PCM-13 [012]:ADAT-2:PCM-14 [013]:ADAT-3:PCM-15 [014]:OFF-0:PCM-16 [015]:OFF-0:PCM-17 [016]:OFF-0:ANALOG-0 [017]:OFF-0:ANALOG-1 [018]:OFF-0:ANALOG-2 [019]:OFF-0:ANALOG-3 [020]:PCM-4:ANALOG-4 [021]:PCM-5:ANALOG-5 [022]:PCM-6:ANALOG-6 [023]:PCM-7:ANALOG-7 [024]:PCM-8:ANALOG-8 [025]:PCM-9:ANALOG-9 [026]:PCM-10:SPDIF-0 [027]:PCM-11:SPDIF-1 [028]:PCM-12:ADAT-0 [029]:PCM-13:ADAT-1 [030]:PCM-14:ADAT-2 [031]:PCM-15:ADAT-3 [032]:PCM-0:ADAT-4 [033]:PCM-1:ADAT-5 [034]:PCM-0:ADAT-6 [035]:PCM-1:ADAT-7 [036]:PCM-0:PCM-8 [037]:PCM-1:PCM-9 [038]:ANALOG-0:MIX-0 [039]:ANALOG-1:MIX-1 [040]:ADAT-4:MIX-2 [041]:ADAT-5:MIX-3 [042]:ANALOG-2:MIX-4 [043]:ANALOG-3:MIX-5 [044]:ANALOG-4:MIX-6 [045]:ANALOG-5:MIX-7 [046]:ANALOG-6:MIX-8 [047]:ANALOG-7:MIX-9 [048]:SPDIF-0:MIX-10 [049]:SPDIF-1:MIX-11 [050]:ADAT-0:MIX-12 [051]:ADAT-1:MIX-13 [052]:ADAT-2:MIX-14 [053]:ADAT-3:MIX-15 [054]:OFF-0:MIX-16 [055]:OFF-0:MIX-17 [056]:OFF-0:MIX-18 [057]:OFF-0:MIX-19 [058]:ADAT-6:MIX-20 [059]:ADAT-7:MIX-21 [060]:PCM-0:MIX-22 [061]:PCM-1:MIX-23 [062]:OFF-0:MIX-24 [063]:OFF-0:OFF-0 [064]:OFF-0:OFF-0 [065]:OFF-0:OFF-0 [066]:OFF-0:OFF-0 [067]:OFF-0:OFF-0 [068]:OFF-0:OFF-0 [069]:OFF-0:OFF-0 [070]:OFF-0:OFF-0 [071]:OFF-0:OFF-0 [072]:OFF-0:OFF-0 }] ""

SET_MUX[mux=0, count=77, [idx]:src:dst={ [000]:ANALOG-0:PCM-0 [001]:ANALOG-1:PCM-1 [002]:ANALOG-2:PCM-2 [003]:ANALOG-3:PCM-3 [004]:ANALOG-4:PCM-4 [005]:ANALOG-5:PCM-5 [006]:ANALOG-6:PCM-6 [007]:ANALOG-7:PCM-7 [008]:SPDIF-0:PCM-10 [009]:SPDIF-1:PCM-11 [010]:ADAT-0:PCM-12 [011]:ADAT-1:PCM-13 [012]:ADAT-2:PCM-14 [013]:ADAT-3:PCM-15 [014]:ADAT-4:PCM-16 [015]:ADAT-5:PCM-17 [016]:ADAT-6:PCM-18 [017]:ADAT-7:PCM-19 [018]:OFF-0:ANALOG-0 [019]:OFF-0:ANALOG-1 [020]:OFF-0:ANALOG-2 [021]:OFF-0:ANALOG-3 [022]:PCM-4:ANALOG-4 [023]:PCM-5:ANALOG-5 [024]:PCM-6:ANALOG-6 [025]:PCM-7:ANALOG-7 [026]:PCM-8:ANALOG-8 [027]:PCM-9:ANALOG-9 [028]:PCM-10:SPDIF-0 [029]:PCM-11:SPDIF-1 [030]:PCM-12:ADAT-0 [031]:PCM-13:ADAT-1 [032]:PCM-14:ADAT-2 [033]:PCM-15:ADAT-3 [034]:PCM-14:ADAT-4 [035]:PCM-15:ADAT-5 [036]:PCM-18:ADAT-6 [037]:PCM-19:ADAT-7 [038]:PCM-0:PCM-8 [039]:PCM-1:PCM-9 [040]:ANALOG-0:MIX-0 [041]:ANALOG-1:MIX-1 [042]:OFF-0:MIX-2 [043]:OFF-0:MIX-3 [044]:ANALOG-2:MIX-4 [045]:ANALOG-3:MIX-5 [046]:ANALOG-4:MIX-6 [047]:ANALOG-5:MIX-7 [048]:ANALOG-6:MIX-8 [049]:ANALOG-7:MIX-9 [050]:SPDIF-0:MIX-10 [051]:SPDIF-1:MIX-11 [052]:ADAT-0:MIX-12 [053]:ADAT-1:MIX-13 [054]:ADAT-2:MIX-14 [055]:ADAT-3:MIX-15 [056]:ADAT-4:MIX-16 [057]:ADAT-5:MIX-17 [058]:ADAT-6:MIX-18 [059]:ADAT-7:MIX-19 [060]:OFF-0:MIX-20 [061]:OFF-0:MIX-21 [062]:PCM-0:MIX-22 [063]:PCM-1:MIX-23 [064]:ADAT-5:MIX-24 [065]:OFF-0:OFF-0 [066]:OFF-0:OFF-0 [067]:OFF-0:OFF-0 [068]:OFF-0:OFF-0 [069]:OFF-0:OFF-0 [070]:OFF-0:OFF-0 [071]:OFF-0:OFF-0 [072]:OFF-0:OFF-0 [073]:OFF-0:OFF-0 [074]:OFF-0:OFF-0 [075]:OFF-0:OFF-0 [076]:OFF-0:OFF-0 }] ""
SET_MUX[mux=1, count=73, [idx]:src:dst={ [000]:ANALOG-0:PCM-0 [001]:ANALOG-1:PCM-1 [002]:ANALOG-2:PCM-2 [003]:ANALOG-3:PCM-3 [004]:ANALOG-4:PCM-4 [005]:ANALOG-5:PCM-5 [006]:ANALOG-6:PCM-6 [007]:ANALOG-7:PCM-7 [008]:SPDIF-0:PCM-10 [009]:SPDIF-1:PCM-11 [010]:ADAT-0:PCM-12 [011]:ADAT-1:PCM-13 [012]:ADAT-2:PCM-14 [013]:ADAT-3:PCM-15 [014]:OFF-0:PCM-16 [015]:OFF-0:PCM-17 [016]:OFF-0:ANALOG-0 [017]:OFF-0:ANALOG-1 [018]:OFF-0:ANALOG-2 [019]:OFF-0:ANALOG-3 [020]:PCM-4:ANALOG-4 [021]:PCM-5:ANALOG-5 [022]:PCM-6:ANALOG-6 [023]:PCM-7:ANALOG-7 [024]:PCM-8:ANALOG-8 [025]:PCM-9:ANALOG-9 [026]:PCM-10:SPDIF-0 [027]:PCM-11:SPDIF-1 [028]:PCM-12:ADAT-0 [029]:PCM-13:ADAT-1 [030]:PCM-14:ADAT-2 [031]:PCM-15:ADAT-3 [032]:PCM-0:ADAT-4 [033]:PCM-1:ADAT-5 [034]:PCM-0:ADAT-6 [035]:PCM-1:ADAT-7 [036]:PCM-0:PCM-8 [037]:PCM-1:PCM-9 [038]:ANALOG-0:MIX-0 [039]:ANALOG-1:MIX-1 [040]:ADAT-4:MIX-2 [041]:ADAT-5:MIX-3 [042]:ANALOG-2:MIX-4 [043]:ANALOG-3:MIX-5 [044]:ANALOG-4:MIX-6 [045]:ANALOG-5:MIX-7 [046]:ANALOG-6:MIX-8 [047]:ANALOG-7:MIX-9 [048]:SPDIF-0:MIX-10 [049]:SPDIF-1:MIX-11 [050]:ADAT-0:MIX-12 [051]:ADAT-1:MIX-13 [052]:ADAT-2:MIX-14 [053]:ADAT-3:MIX-15 [054]:OFF-0:MIX-16 [055]:OFF-0:MIX-17 [056]:OFF-0:MIX-18 [057]:OFF-0:MIX-19 [058]:ADAT-6:MIX-20 [059]:ADAT-7:MIX-21 [060]:PCM-0:MIX-22 [061]:PCM-1:MIX-23 [062]:OFF-0:MIX-24 [063]:OFF-0:OFF-0 [064]:OFF-0:OFF-0 [065]:OFF-0:OFF-0 [066]:OFF-0:OFF-0 [067]:OFF-0:OFF-0 [068]:OFF-0:OFF-0 [069]:OFF-0:OFF-0 [070]:OFF-0:OFF-0 [071]:OFF-0:OFF-0 [072]:OFF-0:OFF-0 }] ""

SET_MUX[mux=0, count=77, [idx]:src:dst={ [000]:ANALOG-0:PCM-0 [001]:ANALOG-1:PCM-1 [002]:ANALOG-2:PCM-2 [003]:ANALOG-3:PCM-3 [004]:ANALOG-4:PCM-4 [005]:ANALOG-5:PCM-5 [006]:ANALOG-6:PCM-6 [007]:ANALOG-7:PCM-7 [008]:SPDIF-0:PCM-10 [009]:SPDIF-1:PCM-11 [010]:ADAT-0:PCM-12 [011]:ADAT-1:PCM-13 [012]:ADAT-2:PCM-14 [013]:ADAT-3:PCM-15 [014]:ADAT-4:PCM-16 [015]:ADAT-5:PCM-17 [016]:ADAT-6:PCM-18 [017]:ADAT-7:PCM-19 [018]:OFF-0:ANALOG-0 [019]:OFF-0:ANALOG-1 [020]:OFF-0:ANALOG-2 [021]:OFF-0:ANALOG-3 [022]:PCM-4:ANALOG-4 [023]:PCM-5:ANALOG-5 [024]:PCM-6:ANALOG-6 [025]:PCM-7:ANALOG-7 [026]:PCM-8:ANALOG-8 [027]:PCM-9:ANALOG-9 [028]:PCM-10:SPDIF-0 [029]:PCM-11:SPDIF-1 [030]:PCM-12:ADAT-0 [031]:PCM-13:ADAT-1 [032]:PCM-14:ADAT-2 [033]:PCM-15:ADAT-3 [034]:PCM-14:ADAT-4 [035]:PCM-15:ADAT-5 [036]:PCM-18:ADAT-6 [037]:PCM-19:ADAT-7 [038]:PCM-0:PCM-8 [039]:PCM-1:PCM-9 [040]:ANALOG-0:MIX-0 [041]:ANALOG-1:MIX-1 [042]:OFF-0:MIX-2 [043]:OFF-0:MIX-3 [044]:ANALOG-2:MIX-4 [045]:ANALOG-3:MIX-5 [046]:ANALOG-4:MIX-6 [047]:ANALOG-5:MIX-7 [048]:ANALOG-6:MIX-8 [049]:ANALOG-7:MIX-9 [050]:SPDIF-0:MIX-10 [051]:SPDIF-1:MIX-11 [052]:ADAT-0:MIX-12 [053]:ADAT-1:MIX-13 [054]:ADAT-2:MIX-14 [055]:ADAT-3:MIX-15 [056]:ADAT-4:MIX-16 [057]:ADAT-5:MIX-17 [058]:ADAT-6:MIX-18 [059]:ADAT-7:MIX-19 [060]:OFF-0:MIX-20 [061]:OFF-0:MIX-21 [062]:PCM-0:MIX-22 [063]:PCM-1:MIX-23 [064]:ADAT-6:MIX-24 [065]:OFF-0:OFF-0 [066]:OFF-0:OFF-0 [067]:OFF-0:OFF-0 [068]:OFF-0:OFF-0 [069]:OFF-0:OFF-0 [070]:OFF-0:OFF-0 [071]:OFF-0:OFF-0 [072]:OFF-0:OFF-0 [073]:OFF-0:OFF-0 [074]:OFF-0:OFF-0 [075]:OFF-0:OFF-0 [076]:OFF-0:OFF-0 }] ""
SET_MUX[mux=1, count=73, [idx]:src:dst={ [000]:ANALOG-0:PCM-0 [001]:ANALOG-1:PCM-1 [002]:ANALOG-2:PCM-2 [003]:ANALOG-3:PCM-3 [004]:ANALOG-4:PCM-4 [005]:ANALOG-5:PCM-5 [006]:ANALOG-6:PCM-6 [007]:ANALOG-7:PCM-7 [008]:SPDIF-0:PCM-10 [009]:SPDIF-1:PCM-11 [010]:ADAT-0:PCM-12 [011]:ADAT-1:PCM-13 [012]:ADAT-2:PCM-14 [013]:ADAT-3:PCM-15 [014]:OFF-0:PCM-16 [015]:OFF-0:PCM-17 [016]:OFF-0:ANALOG-0 [017]:OFF-0:ANALOG-1 [018]:OFF-0:ANALOG-2 [019]:OFF-0:ANALOG-3 [020]:PCM-4:ANALOG-4 [021]:PCM-5:ANALOG-5 [022]:PCM-6:ANALOG-6 [023]:PCM-7:ANALOG-7 [024]:PCM-8:ANALOG-8 [025]:PCM-9:ANALOG-9 [026]:PCM-10:SPDIF-0 [027]:PCM-11:SPDIF-1 [028]:PCM-12:ADAT-0 [029]:PCM-13:ADAT-1 [030]:PCM-14:ADAT-2 [031]:PCM-15:ADAT-3 [032]:PCM-0:ADAT-4 [033]:PCM-1:ADAT-5 [034]:PCM-0:ADAT-6 [035]:PCM-1:ADAT-7 [036]:PCM-0:PCM-8 [037]:PCM-1:PCM-9 [038]:ANALOG-0:MIX-0 [039]:ANALOG-1:MIX-1 [040]:ADAT-4:MIX-2 [041]:ADAT-5:MIX-3 [042]:ANALOG-2:MIX-4 [043]:ANALOG-3:MIX-5 [044]:ANALOG-4:MIX-6 [045]:ANALOG-5:MIX-7 [046]:ANALOG-6:MIX-8 [047]:ANALOG-7:MIX-9 [048]:SPDIF-0:MIX-10 [049]:SPDIF-1:MIX-11 [050]:ADAT-0:MIX-12 [051]:ADAT-1:MIX-13 [052]:ADAT-2:MIX-14 [053]:ADAT-3:MIX-15 [054]:OFF-0:MIX-16 [055]:OFF-0:MIX-17 [056]:OFF-0:MIX-18 [057]:OFF-0:MIX-19 [058]:ADAT-6:MIX-20 [059]:ADAT-7:MIX-21 [060]:PCM-0:MIX-22 [061]:PCM-1:MIX-23 [062]:OFF-0:MIX-24 [063]:OFF-0:OFF-0 [064]:OFF-0:OFF-0 [065]:OFF-0:OFF-0 [066]:OFF-0:OFF-0 [067]:OFF-0:OFF-0 [068]:OFF-0:OFF-0 [069]:OFF-0:OFF-0 [070]:OFF-0:OFF-0 [071]:OFF-0:OFF-0 [072]:OFF-0:OFF-0 }] ""

SET_MUX[mux=0, count=77, [idx]:src:dst={ [000]:ANALOG-0:PCM-0 [001]:ANALOG-1:PCM-1 [002]:ANALOG-2:PCM-2 [003]:ANALOG-3:PCM-3 [004]:ANALOG-4:PCM-4 [005]:ANALOG-5:PCM-5 [006]:ANALOG-6:PCM-6 [007]:ANALOG-7:PCM-7 [008]:SPDIF-0:PCM-10 [009]:SPDIF-1:PCM-11 [010]:ADAT-0:PCM-12 [011]:ADAT-1:PCM-13 [012]:ADAT-2:PCM-14 [013]:ADAT-3:PCM-15 [014]:ADAT-4:PCM-16 [015]:ADAT-5:PCM-17 [016]:ADAT-6:PCM-18 [017]:ADAT-7:PCM-19 [018]:OFF-0:ANALOG-0 [019]:OFF-0:ANALOG-1 [020]:OFF-0:ANALOG-2 [021]:OFF-0:ANALOG-3 [022]:PCM-4:ANALOG-4 [023]:PCM-5:ANALOG-5 [024]:PCM-6:ANALOG-6 [025]:PCM-7:ANALOG-7 [026]:PCM-8:ANALOG-8 [027]:PCM-9:ANALOG-9 [028]:PCM-10:SPDIF-0 [029]:PCM-11:SPDIF-1 [030]:PCM-12:ADAT-0 [031]:PCM-13:ADAT-1 [032]:PCM-14:ADAT-2 [033]:PCM-15:ADAT-3 [034]:PCM-14:ADAT-4 [035]:PCM-15:ADAT-5 [036]:PCM-18:ADAT-6 [037]:PCM-19:ADAT-7 [038]:PCM-0:PCM-8 [039]:PCM-1:PCM-9 [040]:ANALOG-0:MIX-0 [041]:ANALOG-1:MIX-1 [042]:OFF-0:MIX-2 [043]:OFF-0:MIX-3 [044]:ANALOG-2:MIX-4 [045]:ANALOG-3:MIX-5 [046]:ANALOG-4:MIX-6 [047]:ANALOG-5:MIX-7 [048]:ANALOG-6:MIX-8 [049]:ANALOG-7:MIX-9 [050]:SPDIF-0:MIX-10 [051]:SPDIF-1:MIX-11 [052]:ADAT-0:MIX-12 [053]:ADAT-1:MIX-13 [054]:ADAT-2:MIX-14 [055]:ADAT-3:MIX-15 [056]:ADAT-4:MIX-16 [057]:ADAT-5:MIX-17 [058]:ADAT-6:MIX-18 [059]:ADAT-7:MIX-19 [060]:OFF-0:MIX-20 [061]:OFF-0:MIX-21 [062]:PCM-0:MIX-22 [063]:PCM-1:MIX-23 [064]:ADAT-7:MIX-24 [065]:OFF-0:OFF-0 [066]:OFF-0:OFF-0 [067]:OFF-0:OFF-0 [068]:OFF-0:OFF-0 [069]:OFF-0:OFF-0 [070]:OFF-0:OFF-0 [071]:OFF-0:OFF-0 [072]:OFF-0:OFF-0 [073]:OFF-0:OFF-0 [074]:OFF-0:OFF-0 [075]:OFF-0:OFF-0 [076]:OFF-0:OFF-0 }] ""
SET_MUX[mux=1, count=73, [idx]:src:dst={ [000]:ANALOG-0:PCM-0 [001]:ANALOG-1:PCM-1 [002]:ANALOG-2:PCM-2 [003]:ANALOG-3:PCM-3 [004]:ANALOG-4:PCM-4 [005]:ANALOG-5:PCM-5 [006]:ANALOG-6:PCM-6 [007]:ANALOG-7:PCM-7 [008]:SPDIF-0:PCM-10 [009]:SPDIF-1:PCM-11 [010]:ADAT-0:PCM-12 [011]:ADAT-1:PCM-13 [012]:ADAT-2:PCM-14 [013]:ADAT-3:PCM-15 [014]:OFF-0:PCM-16 [015]:OFF-0:PCM-17 [016]:OFF-0:ANALOG-0 [017]:OFF-0:ANALOG-1 [018]:OFF-0:ANALOG-2 [019]:OFF-0:ANALOG-3 [020]:PCM-4:ANALOG-4 [021]:PCM-5:ANALOG-5 [022]:PCM-6:ANALOG-6 [023]:PCM-7:ANALOG-7 [024]:PCM-8:ANALOG-8 [025]:PCM-9:ANALOG-9 [026]:PCM-10:SPDIF-0 [027]:PCM-11:SPDIF-1 [028]:PCM-12:ADAT-0 [029]:PCM-13:ADAT-1 [030]:PCM-14:ADAT-2 [031]:PCM-15:ADAT-3 [032]:PCM-0:ADAT-4 [033]:PCM-1:ADAT-5 [034]:PCM-0:ADAT-6 [035]:PCM-1:ADAT-7 [036]:PCM-0:PCM-8 [037]:PCM-1:PCM-9 [038]:ANALOG-0:MIX-0 [039]:ANALOG-1:MIX-1 [040]:ADAT-4:MIX-2 [041]:ADAT-5:MIX-3 [042]:ANALOG-2:MIX-4 [043]:ANALOG-3:MIX-5 [044]:ANALOG-4:MIX-6 [045]:ANALOG-5:MIX-7 [046]:ANALOG-6:MIX-8 [047]:ANALOG-7:MIX-9 [048]:SPDIF-0:MIX-10 [049]:SPDIF-1:MIX-11 [050]:ADAT-0:MIX-12 [051]:ADAT-1:MIX-13 [052]:ADAT-2:MIX-14 [053]:ADAT-3:MIX-15 [054]:OFF-0:MIX-16 [055]:OFF-0:MIX-17 [056]:OFF-0:MIX-18 [057]:OFF-0:MIX-19 [058]:ADAT-6:MIX-20 [059]:ADAT-7:MIX-21 [060]:PCM-0:MIX-22 [061]:PCM-1:MIX-23 [062]:OFF-0:MIX-24 [063]:OFF-0:OFF-0 [064]:OFF-0:OFF-0 [065]:OFF-0:OFF-0 [066]:OFF-0:OFF-0 [067]:OFF-0:OFF-0 [068]:OFF-0:OFF-0 [069]:OFF-0:OFF-0 [070]:OFF-0:OFF-0 [071]:OFF-0:OFF-0 [072]:OFF-0:OFF-0 }] ""

Set talkback to internal source

SET_MUX[mux=0, count=77, [idx]:src:dst={ [000]:ANALOG-0:PCM-0 [001]:ANALOG-1:PCM-1 [002]:ANALOG-2:PCM-2 [003]:ANALOG-3:PCM-3 [004]:ANALOG-4:PCM-4 [005]:ANALOG-5:PCM-5 [006]:ANALOG-6:PCM-6 [007]:ANALOG-7:PCM-7 [008]:SPDIF-0:PCM-10 [009]:SPDIF-1:PCM-11 [010]:ADAT-0:PCM-12 [011]:ADAT-1:PCM-13 [012]:ADAT-2:PCM-14 [013]:ADAT-3:PCM-15 [014]:ADAT-4:PCM-16 [015]:ADAT-5:PCM-17 [016]:ADAT-6:PCM-18 [017]:ADAT-7:PCM-19 [018]:OFF-0:ANALOG-0 [019]:OFF-0:ANALOG-1 [020]:OFF-0:ANALOG-2 [021]:OFF-0:ANALOG-3 [022]:PCM-4:ANALOG-4 [023]:PCM-5:ANALOG-5 [024]:PCM-6:ANALOG-6 [025]:PCM-7:ANALOG-7 [026]:PCM-8:ANALOG-8 [027]:PCM-9:ANALOG-9 [028]:PCM-10:SPDIF-0 [029]:PCM-11:SPDIF-1 [030]:PCM-12:ADAT-0 [031]:PCM-13:ADAT-1 [032]:PCM-14:ADAT-2 [033]:PCM-15:ADAT-3 [034]:PCM-14:ADAT-4 [035]:PCM-15:ADAT-5 [036]:PCM-18:ADAT-6 [037]:PCM-19:ADAT-7 [038]:PCM-0:PCM-8 [039]:PCM-1:PCM-9 [040]:ANALOG-0:MIX-0 [041]:ANALOG-1:MIX-1 [042]:OFF-0:MIX-2 [043]:OFF-0:MIX-3 [044]:ANALOG-2:MIX-4 [045]:ANALOG-3:MIX-5 [046]:ANALOG-4:MIX-6 [047]:ANALOG-5:MIX-7 [048]:ANALOG-6:MIX-8 [049]:ANALOG-7:MIX-9 [050]:SPDIF-0:MIX-10 [051]:SPDIF-1:MIX-11 [052]:ADAT-0:MIX-12 [053]:ADAT-1:MIX-13 [054]:ADAT-2:MIX-14 [055]:ADAT-3:MIX-15 [056]:ADAT-4:MIX-16 [057]:ADAT-5:MIX-17 [058]:ADAT-6:MIX-18 [059]:ADAT-7:MIX-19 [060]:OFF-0:MIX-20 [061]:OFF-0:MIX-21 [062]:PCM-0:MIX-22 [063]:PCM-1:MIX-23 [064]:ANALOG-8:MIX-24 [065]:OFF-0:OFF-0 [066]:OFF-0:OFF-0 [067]:OFF-0:OFF-0 [068]:OFF-0:OFF-0 [069]:OFF-0:OFF-0 [070]:OFF-0:OFF-0 [071]:OFF-0:OFF-0 [072]:OFF-0:OFF-0 [073]:OFF-0:OFF-0 [074]:OFF-0:OFF-0 [075]:OFF-0:OFF-0 [076]:OFF-0:OFF-0 }] ""
SET_MUX[mux=1, count=73, [idx]:src:dst={ [000]:ANALOG-0:PCM-0 [001]:ANALOG-1:PCM-1 [002]:ANALOG-2:PCM-2 [003]:ANALOG-3:PCM-3 [004]:ANALOG-4:PCM-4 [005]:ANALOG-5:PCM-5 [006]:ANALOG-6:PCM-6 [007]:ANALOG-7:PCM-7 [008]:SPDIF-0:PCM-10 [009]:SPDIF-1:PCM-11 [010]:ADAT-0:PCM-12 [011]:ADAT-1:PCM-13 [012]:ADAT-2:PCM-14 [013]:ADAT-3:PCM-15 [014]:OFF-0:PCM-16 [015]:OFF-0:PCM-17 [016]:OFF-0:ANALOG-0 [017]:OFF-0:ANALOG-1 [018]:OFF-0:ANALOG-2 [019]:OFF-0:ANALOG-3 [020]:PCM-4:ANALOG-4 [021]:PCM-5:ANALOG-5 [022]:PCM-6:ANALOG-6 [023]:PCM-7:ANALOG-7 [024]:PCM-8:ANALOG-8 [025]:PCM-9:ANALOG-9 [026]:PCM-10:SPDIF-0 [027]:PCM-11:SPDIF-1 [028]:PCM-12:ADAT-0 [029]:PCM-13:ADAT-1 [030]:PCM-14:ADAT-2 [031]:PCM-15:ADAT-3 [032]:PCM-0:ADAT-4 [033]:PCM-1:ADAT-5 [034]:PCM-0:ADAT-6 [035]:PCM-1:ADAT-7 [036]:PCM-0:PCM-8 [037]:PCM-1:PCM-9 [038]:ANALOG-0:MIX-0 [039]:ANALOG-1:MIX-1 [040]:ADAT-4:MIX-2 [041]:ADAT-5:MIX-3 [042]:ANALOG-2:MIX-4 [043]:ANALOG-3:MIX-5 [044]:ANALOG-4:MIX-6 [045]:ANALOG-5:MIX-7 [046]:ANALOG-6:MIX-8 [047]:ANALOG-7:MIX-9 [048]:SPDIF-0:MIX-10 [049]:SPDIF-1:MIX-11 [050]:ADAT-0:MIX-12 [051]:ADAT-1:MIX-13 [052]:ADAT-2:MIX-14 [053]:ADAT-3:MIX-15 [054]:OFF-0:MIX-16 [055]:OFF-0:MIX-17 [056]:OFF-0:MIX-18 [057]:OFF-0:MIX-19 [058]:ADAT-6:MIX-20 [059]:ADAT-7:MIX-21 [060]:PCM-0:MIX-22 [061]:PCM-1:MIX-23 [062]:ANALOG-8:MIX-24 [063]:OFF-0:OFF-0 [064]:OFF-0:OFF-0 [065]:OFF-0:OFF-0 [066]:OFF-0:OFF-0 [067]:OFF-0:OFF-0 [068]:OFF-0:OFF-0 [069]:OFF-0:OFF-0 [070]:OFF-0:OFF-0 [071]:OFF-0:OFF-0 [072]:OFF-0:OFF-0 }] ""

Enable/Disable talkback:

SET_DATA[offset=0x9f bytes=1 changes={0x009f:[00]->[02]}] 02 "."
FOCUSRITE_REQ[DATA_CMD size=4 seq=0xc0e error=0 pad=0] 0a 00 00 00 "...."

SET_DATA[offset=0x9f bytes=1 changes={0x009f:[02]->[00]}] 00 "."
FOCUSRITE_REQ[DATA_CMD size=4 seq=0xc65 error=0 pad=0] 0a 00 00 00 "...."



